TN:
SF:src/api/admin.ts
FN:6,listUsers
FN:14,getUser
FN:18,updateUserQuota
FN:22,updateUsername
FN:28,listInvitations
FN:35,createInvitation
FN:39,revokeInvitation
FN:43,resendInvitation
FN:67,getMetrics
FN:71,getMetricsHistoryByHours
FN:94,listInfrastructure
FN:98,getCapacity
FN:102,createServer
FN:112,updateServer
FN:116,addDrive
FN:123,updateDrive
FN:150,listBannedIPs
FN:157,unbanIP
FN:161,extendBan
FN:167,listInterestSubmissions
FN:174,getInterestFormSettings
FN:178,updateInterestFormSettings
FN:182,provisionInterestSubmission
FN:188,(anonymous_23)
FN:191,(anonymous_24)
FN:210,getSpeedTest
FN:214,triggerSpeedTest
FN:243,runTests
FN:249,shutdownServer
FN:257,(anonymous_29)
FN:260,(anonymous_30)
FN:266,(anonymous_31)
FN:269,(anonymous_32)
FNF:33
FNH:0
FNDA:0,listUsers
FNDA:0,getUser
FNDA:0,updateUserQuota
FNDA:0,updateUsername
FNDA:0,listInvitations
FNDA:0,createInvitation
FNDA:0,revokeInvitation
FNDA:0,resendInvitation
FNDA:0,getMetrics
FNDA:0,getMetricsHistoryByHours
FNDA:0,listInfrastructure
FNDA:0,getCapacity
FNDA:0,createServer
FNDA:0,updateServer
FNDA:0,addDrive
FNDA:0,updateDrive
FNDA:0,listBannedIPs
FNDA:0,unbanIP
FNDA:0,extendBan
FNDA:0,listInterestSubmissions
FNDA:0,getInterestFormSettings
FNDA:0,updateInterestFormSettings
FNDA:0,provisionInterestSubmission
FNDA:0,(anonymous_23)
FNDA:0,(anonymous_24)
FNDA:0,getSpeedTest
FNDA:0,triggerSpeedTest
FNDA:0,runTests
FNDA:0,shutdownServer
FNDA:0,(anonymous_29)
FNDA:0,(anonymous_30)
FNDA:0,(anonymous_31)
FNDA:0,(anonymous_32)
DA:1,0
DA:6,0
DA:7,0
DA:8,0
DA:9,0
DA:10,0
DA:11,0
DA:14,0
DA:15,0
DA:18,0
DA:19,0
DA:22,0
DA:23,0
DA:28,0
DA:29,0
DA:30,0
DA:31,0
DA:32,0
DA:35,0
DA:36,0
DA:39,0
DA:40,0
DA:43,0
DA:44,0
DA:67,0
DA:68,0
DA:71,0
DA:72,0
DA:94,0
DA:95,0
DA:98,0
DA:99,0
DA:102,0
DA:109,0
DA:112,0
DA:113,0
DA:116,0
DA:120,0
DA:123,0
DA:128,0
DA:134,0
DA:140,0
DA:150,0
DA:151,0
DA:152,0
DA:153,0
DA:154,0
DA:157,0
DA:158,0
DA:161,0
DA:162,0
DA:167,0
DA:168,0
DA:169,0
DA:170,0
DA:171,0
DA:174,0
DA:175,0
DA:178,0
DA:179,0
DA:182,0
DA:183,0
DA:186,0
DA:189,0
DA:192,0
DA:195,0
DA:210,0
DA:211,0
DA:214,0
DA:215,0
DA:218,0
DA:243,0
DA:244,0
DA:249,0
DA:250,0
DA:255,0
DA:258,0
DA:261,0
DA:264,0
DA:267,0
DA:270,0
DA:273,0
LF:82
LH:0
BRDA:8,0,0,0
BRDA:9,1,0,0
BRDA:10,2,0,0
BRDA:10,2,1,0
BRDA:30,3,0,0
BRDA:31,4,0,0
BRDA:31,4,1,0
BRDA:152,5,0,0
BRDA:153,6,0,0
BRDA:169,7,0,0
BRDA:170,8,0,0
BRDA:170,8,1,0
BRDA:192,9,0,0
BRDA:192,9,1,0
BRDA:261,10,0,0
BRDA:261,10,1,0
BRDA:270,11,0,0
BRDA:270,11,1,0
BRF:18
BRH:0
end_of_record
TN:
SF:src/api/auth.ts
FN:11,login
FN:15,register
FN:24,logout
FN:28,refresh
FN:32,forgotPassword
FN:36,resetPassword
FN:40,validateInviteToken
FNF:7
FNH:0
FNDA:0,login
FNDA:0,register
FNDA:0,logout
FNDA:0,refresh
FNDA:0,forgotPassword
FNDA:0,resetPassword
FNDA:0,validateInviteToken
DA:1,0
DA:11,0
DA:12,0
DA:15,0
DA:21,0
DA:24,0
DA:25,0
DA:28,0
DA:29,0
DA:32,0
DA:33,0
DA:36,0
DA:37,0
DA:40,0
DA:41,0
LF:15
LH:0
BRF:0
BRH:0
end_of_record
TN:
SF:src/api/client.ts
FN:3,dispatchSessionExpired
FN:8,(anonymous_1)
FN:18,request
FN:30,(anonymous_3)
FN:40,get
FN:44,post
FN:51,patch
FN:55,put
FN:59,del
FN:63,upload
FN:73,(anonymous_10)
FN:88,uploadWithProgress
FN:93,(anonymous_12)
FN:100,clearStall
FN:104,resetStall
FN:106,(anonymous_15)
FN:114,(anonymous_16)
FN:116,(anonymous_17)
FN:128,(anonymous_18)
FN:130,(anonymous_19)
FN:149,(anonymous_20)
FN:150,(anonymous_21)
FNF:22
FNH:0
FNDA:0,dispatchSessionExpired
FNDA:0,(anonymous_1)
FNDA:0,request
FNDA:0,(anonymous_3)
FNDA:0,get
FNDA:0,post
FNDA:0,patch
FNDA:0,put
FNDA:0,del
FNDA:0,upload
FNDA:0,(anonymous_10)
FNDA:0,uploadWithProgress
FNDA:0,(anonymous_12)
FNDA:0,clearStall
FNDA:0,resetStall
FNDA:0,(anonymous_15)
FNDA:0,(anonymous_16)
FNDA:0,(anonymous_17)
FNDA:0,(anonymous_18)
FNDA:0,(anonymous_19)
FNDA:0,(anonymous_20)
FNDA:0,(anonymous_21)
DA:1,0
DA:4,0
DA:7,0
DA:9,0
DA:11,0
DA:13,0
DA:14,0
DA:19,0
DA:28,0
DA:29,0
DA:30,0
DA:31,0
DA:35,0
DA:37,0
DA:40,0
DA:41,0
DA:44,0
DA:45,0
DA:51,0
DA:52,0
DA:55,0
DA:56,0
DA:59,0
DA:60,0
DA:63,0
DA:64,0
DA:71,0
DA:72,0
DA:73,0
DA:74,0
DA:77,0
DA:84,0
DA:88,0
DA:93,0
DA:94,0
DA:95,0
DA:96,0
DA:98,0
DA:101,0
DA:105,0
DA:106,0
DA:107,0
DA:108,0
DA:109,0
DA:114,0
DA:116,0
DA:117,0
DA:119,0
DA:120,0
DA:121,0
DA:123,0
DA:128,0
DA:130,0
DA:131,0
DA:132,0
DA:133,0
DA:134,0
DA:136,0
DA:139,0
DA:140,0
DA:141,0
DA:142,0
DA:144,0
DA:149,0
DA:150,0
DA:152,0
DA:153,0
DA:154,0
LF:68
LH:0
BRDA:11,0,0,0
BRDA:28,1,0,0
BRDA:29,2,0,0
BRDA:31,3,0,0
BRDA:31,3,1,0
BRDA:35,4,0,0
BRDA:47,5,0,0
BRDA:47,5,1,0
BRDA:71,6,0,0
BRDA:72,7,0,0
BRDA:74,8,0,0
BRDA:74,8,1,0
BRDA:101,9,0,0
BRDA:117,10,0,0
BRDA:119,11,0,0
BRDA:132,12,0,0
BRDA:132,12,1,0
BRDA:132,13,0,0
BRDA:132,13,1,0
BRDA:139,14,0,0
BRDA:142,15,0,0
BRDA:142,15,1,0
BRDA:150,16,0,0
BRF:23
BRH:0
end_of_record
TN:
SF:src/api/favorites.ts
FN:4,getFavorites
FN:8,favoriteFile
FN:12,unfavoriteFile
FN:16,favoriteFolder
FN:20,unfavoriteFolder
FNF:5
FNH:0
FNDA:0,getFavorites
FNDA:0,favoriteFile
FNDA:0,unfavoriteFile
FNDA:0,favoriteFolder
FNDA:0,unfavoriteFolder
DA:1,0
DA:4,0
DA:5,0
DA:8,0
DA:9,0
DA:12,0
DA:13,0
DA:16,0
DA:17,0
DA:20,0
DA:21,0
DA:24,0
LF:12
LH:0
BRF:0
BRH:0
end_of_record
TN:
SF:src/api/files.ts
FN:6,initChunkedUpload
FN:20,uploadChunk
FN:32,completeChunkedUpload
FN:36,getFile
FN:40,uploadFile
FN:54,renameFile
FN:58,deleteFile
FN:62,moveFile
FN:66,downloadUrl
FN:70,previewUrl
FN:74,streamUrl
FN:79,(anonymous_11)
FN:81,(anonymous_12)
FNF:13
FNH:0
FNDA:0,initChunkedUpload
FNDA:0,uploadChunk
FNDA:0,completeChunkedUpload
FNDA:0,getFile
FNDA:0,uploadFile
FNDA:0,renameFile
FNDA:0,deleteFile
FNDA:0,moveFile
FNDA:0,downloadUrl
FNDA:0,previewUrl
FNDA:0,streamUrl
FNDA:0,(anonymous_11)
FNDA:0,(anonymous_12)
DA:1,0
DA:4,0
DA:6,0
DA:12,0
DA:20,0
DA:26,0
DA:27,0
DA:28,0
DA:29,0
DA:32,0
DA:33,0
DA:36,0
DA:37,0
DA:40,0
DA:46,0
DA:47,0
DA:48,0
DA:49,0
DA:50,0
DA:51,0
DA:54,0
DA:55,0
DA:58,0
DA:59,0
DA:62,0
DA:63,0
DA:66,0
DA:67,0
DA:70,0
DA:71,0
DA:74,0
DA:75,0
DA:76,0
DA:79,0
DA:81,0
LF:35
LH:0
BRDA:16,0,0,0
BRDA:16,0,1,0
BRDA:48,1,0,0
BRDA:49,2,0,0
BRDA:50,3,0,0
BRDA:75,4,0,0
BRDA:75,4,1,0
BRF:7
BRH:0
end_of_record
TN:
SF:src/api/folders.ts
FN:11,buildQS
FN:20,listRoot
FN:24,getFolder
FN:28,createFolder
FN:32,renameFolder
FN:36,moveFolder
FN:40,deleteFolder
FN:46,(anonymous_7)
FN:49,(anonymous_8)
FN:51,(anonymous_9)
FNF:10
FNH:0
FNDA:0,buildQS
FNDA:0,listRoot
FNDA:0,getFolder
FNDA:0,createFolder
FNDA:0,renameFolder
FNDA:0,moveFolder
FNDA:0,deleteFolder
FNDA:0,(anonymous_7)
FNDA:0,(anonymous_8)
FNDA:0,(anonymous_9)
DA:1,0
DA:12,0
DA:13,0
DA:14,0
DA:15,0
DA:16,0
DA:17,0
DA:20,0
DA:21,0
DA:24,0
DA:25,0
DA:28,0
DA:29,0
DA:32,0
DA:33,0
DA:36,0
DA:37,0
DA:40,0
DA:41,0
DA:44,0
DA:46,0
DA:49,0
DA:51,0
LF:23
LH:0
BRDA:13,0,0,0
BRDA:14,1,0,0
BRDA:15,2,0,0
BRDA:16,3,0,0
BRDA:17,4,0,0
BRDA:17,4,1,0
BRDA:20,5,0,0
BRDA:24,6,0,0
BRDA:29,7,0,0
BRDA:29,7,1,0
BRF:10
BRH:0
end_of_record
TN:
SF:src/api/interest.ts
FN:7,getPublicConfig
FN:19,submitInterestForm
FNF:2
FNH:0
FNDA:0,getPublicConfig
FNDA:0,submitInterestForm
DA:1,0
DA:7,0
DA:8,0
DA:19,0
DA:20,0
DA:23,0
LF:6
LH:0
BRF:0
BRH:0
end_of_record
TN:
SF:src/api/me.ts
FN:4,getMe
FN:8,changePassword
FNF:2
FNH:0
FNDA:0,getMe
FNDA:0,changePassword
DA:1,0
DA:4,0
DA:5,0
DA:8,0
DA:9,0
DA:15,0
LF:6
LH:0
BRF:0
BRH:0
end_of_record
TN:
SF:src/api/search.ts
FN:5,searchContent
FNF:1
FNH:0
FNDA:0,searchContent
DA:1,0
DA:5,0
DA:6,0
DA:7,0
DA:8,0
DA:9,0
DA:10,0
DA:11,0
LF:8
LH:0
BRDA:5,0,0,0
BRDA:7,1,0,0
BRDA:8,2,0,0
BRDA:9,3,0,0
BRDA:10,4,0,0
BRF:5
BRH:0
end_of_record
TN:
SF:src/components/AppIcon.tsx
FN:6,AppIcon
FNF:1
FNH:1
FNDA:5,AppIcon
DA:6,1
DA:7,5
LF:2
LH:2
BRDA:6,0,0,4
BRF:1
BRH:1
end_of_record
TN:
SF:src/components/BarGraph.tsx
FN:17,BarGraph
FN:30,(anonymous_1)
FN:50,(anonymous_2)
FNF:3
FNH:3
FNDA:7,BarGraph
FNDA:35,(anonymous_1)
FNDA:11,(anonymous_2)
DA:13,1
DA:14,1
DA:15,1
DA:17,1
DA:18,7
DA:19,7
DA:21,7
DA:23,7
DA:31,35
DA:32,35
DA:51,11
DA:52,11
DA:53,11
DA:54,11
DA:56,11
LF:15
LH:15
BRDA:17,0,0,6
BRDA:91,1,0,11
BRDA:91,1,1,5
BRF:3
BRH:3
end_of_record
TN:
SF:src/components/DeleteConfirmModal.tsx
FN:8,readSkipDeleteCookie
FN:9,(anonymous_1)
FN:15,setSkipDeleteCookie
FN:21,clearSkipDeleteCookie
FN:32,DeleteConfirmModal
FN:35,(anonymous_5)
FN:36,(anonymous_6)
FN:38,(anonymous_7)
FN:41,(anonymous_8)
FN:43,(anonymous_9)
FN:46,handleConfirm
FN:57,(anonymous_11)
FN:74,(anonymous_12)
FNF:13
FNH:13
FNDA:2,readSkipDeleteCookie
FNDA:2,(anonymous_1)
FNDA:1,setSkipDeleteCookie
FNDA:9,clearSkipDeleteCookie
FNDA:10,DeleteConfirmModal
FNDA:9,(anonymous_5)
FNDA:1,(anonymous_6)
FNDA:9,(anonymous_7)
FNDA:9,(anonymous_8)
FNDA:9,(anonymous_9)
FNDA:3,handleConfirm
FNDA:6,(anonymous_11)
FNDA:1,(anonymous_12)
DA:1,1
DA:2,1
DA:4,1
DA:8,1
DA:9,2
DA:10,2
DA:11,1
DA:16,1
DA:21,1
DA:22,9
DA:32,1
DA:33,10
DA:35,10
DA:36,9
DA:37,9
DA:38,9
DA:41,10
DA:42,9
DA:43,9
DA:47,3
DA:48,3
DA:51,10
DA:57,6
DA:74,1
LF:24
LH:24
BRDA:10,0,0,1
BRDA:36,1,0,1
BRDA:47,2,0,1
BRF:3
BRH:3
end_of_record
TN:
SF:src/components/FilePreviewModal.tsx
FN:13,previewKind
FN:27,canPreview
FN:38,DocxViewer
FN:41,(anonymous_12)
FN:43,load
FN:48,(anonymous_14)
FN:49,(anonymous_15)
FN:57,(anonymous_16)
FN:83,FilePreviewModal
FN:87,(anonymous_18)
FN:105,(anonymous_19)
FN:106,(anonymous_20)
FN:108,(anonymous_21)
FN:111,(anonymous_22)
FN:113,(anonymous_23)
FN:125,(anonymous_24)
FN:134,(anonymous_25)
FN:134,(anonymous_26)
FNF:18
FNH:0
FNDA:0,previewKind
FNDA:0,canPreview
FNDA:0,DocxViewer
FNDA:0,(anonymous_12)
FNDA:0,load
FNDA:0,(anonymous_14)
FNDA:0,(anonymous_15)
FNDA:0,(anonymous_16)
FNDA:0,FilePreviewModal
FNDA:0,(anonymous_18)
FNDA:0,(anonymous_19)
FNDA:0,(anonymous_20)
FNDA:0,(anonymous_21)
FNDA:0,(anonymous_22)
FNDA:0,(anonymous_23)
FNDA:0,(anonymous_24)
FNDA:0,(anonymous_25)
FNDA:0,(anonymous_26)
DA:1,0
DA:2,0
DA:4,0
DA:14,0
DA:15,0
DA:16,0
DA:17,0
DA:21,0
DA:22,0
DA:23,0
DA:24,0
DA:27,0
DA:28,0
DA:39,0
DA:41,0
DA:42,0
DA:44,0
DA:45,0
DA:46,0
DA:47,0
DA:48,0
DA:49,0
DA:50,0
DA:51,0
DA:53,0
DA:56,0
DA:57,0
DA:60,0
DA:61,0
DA:64,0
DA:65,0
DA:73,0
DA:83,0
DA:84,0
DA:87,0
DA:88,0
DA:89,0
DA:90,0
DA:91,0
DA:92,0
DA:94,0
DA:98,0
DA:99,0
DA:100,0
DA:101,0
DA:102,0
DA:105,0
DA:106,0
DA:107,0
DA:108,0
DA:111,0
DA:112,0
DA:113,0
DA:116,0
DA:117,0
DA:119,0
DA:125,0
DA:134,0
LF:58
LH:0
BRDA:14,0,0,0
BRDA:15,1,0,0
BRDA:16,2,0,0
BRDA:17,3,0,0
BRDA:18,4,0,0
BRDA:18,4,1,0
BRDA:18,4,2,0
BRDA:22,5,0,0
BRDA:46,6,0,0
BRDA:51,7,0,0
BRDA:53,8,0,0
BRDA:60,9,0,0
BRDA:64,10,0,0
BRDA:88,11,0,0
BRDA:88,12,0,0
BRDA:88,12,1,0
BRDA:90,13,0,0
BRDA:91,14,0,0
BRDA:91,15,0,0
BRDA:91,15,1,0
BRDA:92,16,0,0
BRDA:92,17,0,0
BRDA:92,17,1,0
BRDA:100,18,0,0
BRDA:106,19,0,0
BRDA:117,20,0,0
BRDA:117,20,1,0
BRDA:117,20,2,0
BRDA:132,21,0,0
BRDA:132,21,1,0
BRDA:132,21,2,0
BRDA:134,22,0,0
BRDA:134,22,1,0
BRDA:135,23,0,0
BRDA:135,23,1,0
BRDA:138,24,0,0
BRDA:138,24,1,0
BRDA:159,25,0,0
BRDA:159,25,1,0
BRDA:161,26,0,0
BRDA:161,26,1,0
BRDA:169,27,0,0
BRDA:169,27,1,0
BRDA:177,28,0,0
BRDA:177,28,1,0
BRDA:180,29,0,0
BRDA:180,29,1,0
BRDA:188,30,0,0
BRDA:188,30,1,0
BRDA:197,31,0,0
BRDA:197,31,1,0
BRDA:199,32,0,0
BRDA:199,32,1,0
BRF:53
BRH:0
end_of_record
TN:
SF:src/components/LineGraph.tsx
FN:21,defaultFormatY
FN:29,defaultFormatX
FN:33,LineGraph
FN:66,(anonymous_3)
FN:72,(anonymous_4)
FN:73,(anonymous_5)
FN:76,(anonymous_6)
FN:85,(anonymous_7)
FN:89,(anonymous_8)
FN:103,(anonymous_9)
FN:129,(anonymous_10)
FNF:11
FNH:0
FNDA:0,defaultFormatY
FNDA:0,defaultFormatX
FNDA:0,LineGraph
FNDA:0,(anonymous_3)
FNDA:0,(anonymous_4)
FNDA:0,(anonymous_5)
FNDA:0,(anonymous_6)
FNDA:0,(anonymous_7)
FNDA:0,(anonymous_8)
FNDA:0,(anonymous_9)
FNDA:0,(anonymous_10)
DA:1,0
DA:17,0
DA:18,0
DA:19,0
DA:22,0
DA:23,0
DA:24,0
DA:25,0
DA:26,0
DA:30,0
DA:33,0
DA:41,0
DA:42,0
DA:43,0
DA:44,0
DA:46,0
DA:47,0
DA:64,0
DA:65,0
DA:66,0
DA:67,0
DA:68,0
DA:69,0
DA:70,0
DA:72,0
DA:73,0
DA:75,0
DA:76,0
DA:81,0
DA:85,0
DA:86,0
DA:89,0
DA:90,0
DA:93,0
DA:104,0
DA:105,0
DA:130,0
DA:131,0
LF:38
LH:0
BRDA:24,0,0,0
BRDA:25,1,0,0
BRDA:35,2,0,0
BRDA:36,3,0,0
BRDA:37,4,0,0
BRDA:38,5,0,0
BRDA:39,6,0,0
BRDA:46,7,0,0
BRDA:69,8,0,0
BRDA:69,8,1,0
BRDA:70,9,0,0
BRDA:70,9,1,0
BRDA:76,10,0,0
BRDA:76,10,1,0
BRF:14
BRH:0
end_of_record
TN:
SF:src/components/NotificationBanner.tsx
FN:4,NotificationBanner
FN:11,(anonymous_1)
FN:28,(anonymous_2)
FNF:3
FNH:3
FNDA:12,NotificationBanner
FNDA:5,(anonymous_1)
FNDA:1,(anonymous_2)
DA:1,1
DA:2,1
DA:4,1
DA:5,12
DA:7,12
DA:9,5
DA:12,5
DA:28,1
LF:8
LH:8
BRDA:7,0,0,7
BRDA:15,1,0,3
BRDA:15,1,1,2
BRDA:21,2,0,3
BRDA:21,2,1,2
BRF:5
BRH:5
end_of_record
TN:
SF:src/components/SearchBar.tsx
FN:10,SearchBar
FN:14,(anonymous_1)
FN:18,handleChange
FN:21,(anonymous_3)
FN:30,(anonymous_4)
FN:36,(anonymous_5)
FNF:6
FNH:6
FNDA:13,SearchBar
FNDA:8,(anonymous_1)
FNDA:2,handleChange
FNDA:2,(anonymous_3)
FNDA:1,(anonymous_4)
FNDA:1,(anonymous_5)
DA:1,1
DA:2,1
DA:10,1
DA:11,13
DA:12,13
DA:14,13
DA:15,8
DA:19,2
DA:20,2
DA:21,2
DA:24,13
DA:30,1
DA:36,1
LF:13
LH:13
BRDA:10,0,0,12
BRDA:20,1,0,0
BRDA:34,2,0,13
BRDA:34,2,1,7
BRF:4
BRH:3
end_of_record
TN:
SF:src/components/SortControls.tsx
FN:15,SortControls
FN:19,(anonymous_1)
FN:24,(anonymous_2)
FNF:3
FNH:3
FNDA:6,SortControls
FNDA:18,(anonymous_1)
FNDA:2,(anonymous_2)
DA:2,1
DA:9,1
DA:15,1
DA:16,6
DA:20,18
DA:21,18
DA:24,2
LF:7
LH:7
BRDA:26,0,0,6
BRDA:26,0,1,12
BRDA:32,1,0,18
BRDA:32,1,1,6
BRDA:33,2,0,6
BRDA:33,2,1,0
BRF:6
BRH:5
end_of_record
TN:
SF:src/components/UploadModal.tsx
FN:13,formatSize
FN:20,UploadModal
FN:21,(anonymous_2)
FN:31,(anonymous_3)
FN:32,(anonymous_4)
FN:34,(anonymous_5)
FN:37,(anonymous_6)
FN:39,(anonymous_7)
FN:48,(anonymous_8)
FN:69,(anonymous_9)
FNF:10
FNH:0
FNDA:0,formatSize
FNDA:0,UploadModal
FNDA:0,(anonymous_2)
FNDA:0,(anonymous_3)
FNDA:0,(anonymous_4)
FNDA:0,(anonymous_5)
FNDA:0,(anonymous_6)
FNDA:0,(anonymous_7)
FNDA:0,(anonymous_8)
FNDA:0,(anonymous_9)
DA:1,0
DA:2,0
DA:14,0
DA:15,0
DA:16,0
DA:17,0
DA:20,0
DA:21,0
DA:22,0
DA:23,0
DA:24,0
DA:25,0
DA:27,0
DA:28,0
DA:29,0
DA:31,0
DA:32,0
DA:33,0
DA:34,0
DA:37,0
DA:38,0
DA:39,0
DA:42,0
DA:48,0
DA:70,0
LF:25
LH:0
BRDA:14,0,0,0
BRDA:15,1,0,0
BRDA:16,2,0,0
BRDA:27,3,0,0
BRDA:27,3,1,0
BRDA:28,4,0,0
BRDA:28,4,1,0
BRDA:32,5,0,0
BRDA:83,6,0,0
BRDA:83,6,1,0
BRDA:102,7,0,0
BRDA:102,7,1,0
BRDA:107,8,0,0
BRDA:107,8,1,0
BRDA:129,9,0,0
BRDA:129,9,1,0
BRF:16
BRH:0
end_of_record
TN:
SF:src/components/UploadToast.tsx
FN:9,fmtBytes
FN:16,fmtSpeed
FN:23,fmtEta
FN:45,FileRow
FN:79,UploadToast
FN:82,(anonymous_5)
FN:85,(anonymous_6)
FN:151,(anonymous_7)
FNF:8
FNH:7
FNDA:9,fmtBytes
FNDA:8,fmtSpeed
FNDA:8,fmtEta
FNDA:8,FileRow
FNDA:9,UploadToast
FNDA:9,(anonymous_5)
FNDA:3,(anonymous_6)
FNDA:0,(anonymous_7)
DA:1,1
DA:2,1
DA:5,1
DA:10,9
DA:11,9
DA:12,3
DA:13,3
DA:17,8
DA:18,0
DA:19,0
DA:20,0
DA:24,8
DA:25,0
DA:26,0
DA:27,0
DA:28,0
DA:29,0
DA:36,1
DA:46,8
DA:48,8
DA:53,8
DA:58,8
DA:79,1
DA:80,9
DA:82,9
DA:83,9
DA:84,3
DA:85,3
DA:88,9
DA:90,8
DA:91,8
DA:92,8
DA:93,8
DA:94,8
DA:95,8
DA:97,8
DA:152,0
LF:37
LH:28
BRDA:10,0,0,0
BRDA:11,1,0,6
BRDA:12,2,0,0
BRDA:17,3,0,8
BRDA:18,4,0,0
BRDA:19,5,0,0
BRDA:24,6,0,8
BRDA:24,7,0,8
BRDA:24,7,1,0
BRDA:26,8,0,0
BRDA:27,9,0,0
BRDA:28,10,0,0
BRDA:46,11,0,8
BRDA:46,11,1,0
BRDA:48,12,0,0
BRDA:48,12,1,8
BRDA:49,13,0,0
BRDA:49,13,1,8
BRDA:50,14,0,8
BRDA:50,14,1,0
BRDA:53,15,0,0
BRDA:53,15,1,8
BRDA:54,16,0,0
BRDA:54,16,1,8
BRDA:55,17,0,8
BRDA:55,17,1,0
BRDA:64,18,0,0
BRDA:64,18,1,8
BRDA:83,19,0,6
BRDA:88,20,0,1
BRDA:91,21,0,8
BRDA:91,21,1,0
BRDA:107,22,0,8
BRDA:107,22,1,3
BRDA:107,22,2,3
BRDA:107,22,3,0
BRDA:113,23,0,8
BRDA:113,23,1,5
BRDA:126,24,0,3
BRDA:126,24,1,5
BRDA:131,25,0,3
BRDA:131,25,1,2
BRDA:132,26,0,0
BRDA:132,26,1,3
BRDA:143,27,0,3
BRDA:143,27,1,5
BRDA:149,28,0,8
BRDA:149,28,1,0
BRDA:158,29,0,8
BRDA:158,29,1,8
BRF:50
BRH:30
end_of_record
TN:
SF:src/context/NotificationContext.tsx
FN:22,NotificationProvider
FN:26,(anonymous_1)
FN:32,(anonymous_2)
FN:32,(anonymous_3)
FN:36,(anonymous_4)
FN:38,(anonymous_5)
FN:39,(anonymous_6)
FN:52,useNotification
FNF:8
FNH:8
FNDA:27,NotificationProvider
FNDA:3,(anonymous_1)
FNDA:3,(anonymous_2)
FNDA:4,(anonymous_3)
FNDA:19,(anonymous_4)
FNDA:19,(anonymous_5)
FNDA:1,(anonymous_6)
FNDA:42,useNotification
DA:1,2
DA:17,2
DA:19,2
DA:20,2
DA:22,2
DA:23,27
DA:24,27
DA:26,27
DA:27,3
DA:28,3
DA:29,3
DA:30,3
DA:32,4
DA:35,27
DA:37,19
DA:38,19
DA:39,19
DA:40,19
DA:45,27
DA:52,2
DA:53,42
DA:54,42
DA:55,38
LF:23
LH:23
BRDA:28,0,0,3
BRDA:54,1,0,4
BRF:2
BRH:2
end_of_record
TN:
SF:src/hooks/useDragDrop.ts
FN:3,useDragDrop
FN:10,(anonymous_1)
FN:11,(anonymous_2)
FN:14,(anonymous_3)
FN:21,(anonymous_4)
FN:27,(anonymous_5)
FN:34,(anonymous_6)
FN:47,(anonymous_7)
FN:55,(anonymous_8)
FNF:9
FNH:0
FNDA:0,useDragDrop
FNDA:0,(anonymous_1)
FNDA:0,(anonymous_2)
FNDA:0,(anonymous_3)
FNDA:0,(anonymous_4)
FNDA:0,(anonymous_5)
FNDA:0,(anonymous_6)
FNDA:0,(anonymous_7)
FNDA:0,(anonymous_8)
DA:1,0
DA:3,0
DA:4,0
DA:5,0
DA:7,0
DA:8,0
DA:10,0
DA:11,0
DA:12,0
DA:14,0
DA:15,0
DA:16,0
DA:17,0
DA:18,0
DA:21,0
DA:22,0
DA:23,0
DA:24,0
DA:27,0
DA:28,0
DA:29,0
DA:30,0
DA:34,0
DA:35,0
DA:36,0
DA:37,0
DA:38,0
DA:39,0
DA:42,0
DA:43,0
DA:44,0
DA:45,0
DA:47,0
DA:48,0
DA:49,0
DA:50,0
DA:51,0
DA:55,0
DA:56,0
DA:57,0
DA:60,0
LF:41
LH:0
BRDA:12,0,0,0
BRDA:12,0,1,0
BRDA:15,1,0,0
BRDA:22,2,0,0
BRDA:24,3,0,0
BRDA:28,4,0,0
BRDA:30,5,0,0
BRDA:38,6,0,0
BRDA:38,6,1,0
BRDA:39,7,0,0
BRF:10
BRH:0
end_of_record
TN:
SF:src/hooks/useFavorites.ts
FN:11,useFavorites
FN:15,(anonymous_1)
FN:16,(anonymous_2)
FN:18,optimisticToggle
FN:30,(anonymous_4)
FN:32,(anonymous_5)
FN:34,(anonymous_6)
FN:39,(anonymous_7)
FN:40,(anonymous_8)
FN:42,(anonymous_9)
FN:44,(anonymous_10)
FN:47,(anonymous_11)
FN:52,(anonymous_12)
FN:57,(anonymous_13)
FN:58,(anonymous_14)
FN:60,(anonymous_15)
FN:62,(anonymous_16)
FN:65,(anonymous_17)
FN:68,toggleFile
FN:76,toggleFolder
FNF:20
FNH:0
FNDA:0,useFavorites
FNDA:0,(anonymous_1)
FNDA:0,(anonymous_2)
FNDA:0,optimisticToggle
FNDA:0,(anonymous_4)
FNDA:0,(anonymous_5)
FNDA:0,(anonymous_6)
FNDA:0,(anonymous_7)
FNDA:0,(anonymous_8)
FNDA:0,(anonymous_9)
FNDA:0,(anonymous_10)
FNDA:0,(anonymous_11)
FNDA:0,(anonymous_12)
FNDA:0,(anonymous_13)
FNDA:0,(anonymous_14)
FNDA:0,(anonymous_15)
FNDA:0,(anonymous_16)
FNDA:0,(anonymous_17)
FNDA:0,toggleFile
FNDA:0,toggleFolder
DA:1,0
DA:2,0
DA:11,0
DA:12,0
DA:13,0
DA:15,0
DA:16,0
DA:21,0
DA:22,0
DA:23,0
DA:25,0
DA:28,0
DA:32,0
DA:34,0
DA:37,0
DA:40,0
DA:42,0
DA:45,0
DA:47,0
DA:50,0
DA:52,0
DA:55,0
DA:58,0
DA:60,0
DA:63,0
DA:65,0
DA:69,0
DA:70,0
DA:72,0
DA:77,0
DA:78,0
DA:80,0
DA:84,0
LF:33
LH:0
BRDA:15,0,0,0
BRDA:15,0,1,0
BRDA:16,1,0,0
BRDA:16,1,1,0
BRDA:22,2,0,0
BRDA:45,3,0,0
BRDA:63,4,0,0
BRDA:69,5,0,0
BRDA:69,5,1,0
BRDA:77,6,0,0
BRDA:77,6,1,0
BRF:11
BRH:0
end_of_record
TN:
SF:src/hooks/useFileDrag.ts
FN:7,createGhost
FN:28,useFileDrag
FN:36,getFileDragHandlers
FN:39,(anonymous_3)
FN:45,(anonymous_4)
FN:47,(anonymous_5)
FN:54,getFolderDragHandlers
FN:57,(anonymous_7)
FN:63,(anonymous_8)
FN:65,(anonymous_9)
FN:72,getFolderDropHandlers
FN:74,(anonymous_11)
FN:82,(anonymous_12)
FN:90,(anonymous_13)
FN:92,(anonymous_14)
FN:95,(anonymous_15)
FNF:16
FNH:0
FNDA:0,createGhost
FNDA:0,useFileDrag
FNDA:0,getFileDragHandlers
FNDA:0,(anonymous_3)
FNDA:0,(anonymous_4)
FNDA:0,(anonymous_5)
FNDA:0,getFolderDragHandlers
FNDA:0,(anonymous_7)
FNDA:0,(anonymous_8)
FNDA:0,(anonymous_9)
FNDA:0,getFolderDropHandlers
FNDA:0,(anonymous_11)
FNDA:0,(anonymous_12)
FNDA:0,(anonymous_13)
FNDA:0,(anonymous_14)
FNDA:0,(anonymous_15)
DA:1,0
DA:4,0
DA:5,0
DA:8,0
DA:9,0
DA:10,0
DA:24,0
DA:25,0
DA:28,0
DA:32,0
DA:33,0
DA:34,0
DA:37,0
DA:40,0
DA:41,0
DA:42,0
DA:43,0
DA:44,0
DA:45,0
DA:48,0
DA:49,0
DA:55,0
DA:58,0
DA:59,0
DA:60,0
DA:61,0
DA:62,0
DA:63,0
DA:66,0
DA:67,0
DA:73,0
DA:75,0
DA:76,0
DA:77,0
DA:78,0
DA:79,0
DA:80,0
DA:83,0
DA:84,0
DA:85,0
DA:86,0
DA:87,0
DA:88,0
DA:91,0
DA:92,0
DA:96,0
DA:97,0
DA:98,0
DA:99,0
DA:100,0
DA:101,0
DA:106,0
LF:52
LH:0
BRDA:7,0,0,0
BRDA:9,1,0,0
BRDA:9,1,1,0
BRDA:77,2,0,0
BRDA:77,3,0,0
BRDA:77,3,1,0
BRDA:78,4,0,0
BRDA:78,5,0,0
BRDA:78,5,1,0
BRDA:85,6,0,0
BRDA:85,7,0,0
BRDA:85,7,1,0
BRDA:86,8,0,0
BRDA:86,9,0,0
BRDA:86,9,1,0
BRDA:91,10,0,0
BRDA:92,11,0,0
BRDA:92,11,1,0
BRDA:99,12,0,0
BRDA:101,13,0,0
BRDA:101,14,0,0
BRDA:101,14,1,0
BRF:22
BRH:0
end_of_record
TN:
SF:src/hooks/useFileUpload.ts
FN:39,sleep
FN:40,(anonymous_1)
FN:43,useFileUpload
FN:51,recordSample
FN:60,computeSpeed
FN:68,startFlush
FN:70,(anonymous_6)
FN:77,stopFlush
FN:82,patchItem
FN:85,(anonymous_9)
FN:92,uploadSingleFile
FN:99,(anonymous_11)
FN:119,(anonymous_12)
FN:130,(anonymous_13)
FN:135,(anonymous_14)
FN:141,(anonymous_15)
FN:151,(anonymous_16)
FN:185,(anonymous_17)
FNF:18
FNH:0
FNDA:0,sleep
FNDA:0,(anonymous_1)
FNDA:0,useFileUpload
FNDA:0,recordSample
FNDA:0,computeSpeed
FNDA:0,startFlush
FNDA:0,(anonymous_6)
FNDA:0,stopFlush
FNDA:0,patchItem
FNDA:0,(anonymous_9)
FNDA:0,uploadSingleFile
FNDA:0,(anonymous_11)
FNDA:0,(anonymous_12)
FNDA:0,(anonymous_13)
FNDA:0,(anonymous_14)
FNDA:0,(anonymous_15)
FNDA:0,(anonymous_16)
FNDA:0,(anonymous_17)
DA:1,0
DA:2,0
DA:24,0
DA:34,0
DA:35,0
DA:36,0
DA:37,0
DA:40,0
DA:43,0
DA:44,0
DA:47,0
DA:48,0
DA:49,0
DA:52,0
DA:53,0
DA:54,0
DA:55,0
DA:56,0
DA:61,0
DA:62,0
DA:63,0
DA:64,0
DA:65,0
DA:69,0
DA:70,0
DA:71,0
DA:72,0
DA:73,0
DA:78,0
DA:83,0
DA:84,0
DA:85,0
DA:86,0
DA:97,0
DA:99,0
DA:100,0
DA:103,0
DA:105,0
DA:109,0
DA:110,0
DA:112,0
DA:113,0
DA:114,0
DA:115,0
DA:117,0
DA:119,0
DA:120,0
DA:123,0
DA:127,0
DA:130,0
DA:135,0
DA:141,0
DA:143,0
DA:144,0
DA:145,0
DA:146,0
DA:148,0
DA:149,0
DA:151,0
DA:152,0
DA:154,0
DA:155,0
DA:156,0
DA:157,0
DA:159,0
DA:160,0
DA:161,0
DA:162,0
DA:163,0
DA:164,0
DA:166,0
DA:167,0
DA:168,0
DA:169,0
DA:176,0
DA:178,0
DA:179,0
DA:180,0
DA:182,0
DA:185,0
DA:186,0
DA:187,0
DA:188,0
DA:189,0
DA:192,0
LF:85
LH:0
BRDA:55,0,0,0
BRDA:55,0,1,0
BRDA:62,1,0,0
BRDA:64,2,0,0
BRDA:69,3,0,0
BRDA:78,4,0,0
BRDA:97,5,0,0
BRDA:100,6,0,0
BRDA:100,6,1,0
BRDA:120,7,0,0
BRDA:120,7,1,0
BRDA:155,8,0,0
BRDA:166,9,0,0
BRDA:176,10,0,0
BRDA:176,10,1,0
BRDA:176,11,0,0
BRDA:176,11,1,0
BRDA:182,12,0,0
BRF:18
BRH:0
end_of_record
TN:
SF:src/hooks/useInfiniteFolderContents.ts
FN:22,fetchPage
FN:34,nextParam
FN:54,useInfiniteFolderContents
FN:61,(anonymous_3)
FN:63,(anonymous_4)
FN:72,(anonymous_5)
FN:83,(anonymous_6)
FN:84,(anonymous_7)
FNF:8
FNH:0
FNDA:0,fetchPage
FNDA:0,nextParam
FNDA:0,useInfiniteFolderContents
FNDA:0,(anonymous_3)
FNDA:0,(anonymous_4)
FNDA:0,(anonymous_5)
FNDA:0,(anonymous_6)
FNDA:0,(anonymous_7)
DA:1,0
DA:2,0
DA:3,0
DA:4,0
DA:15,0
DA:23,0
DA:30,0
DA:31,0
DA:35,0
DA:36,0
DA:37,0
DA:38,0
DA:39,0
DA:40,0
DA:54,0
DA:58,0
DA:61,0
DA:64,0
DA:67,0
DA:72,0
DA:73,0
DA:74,0
DA:75,0
DA:76,0
DA:77,0
DA:81,0
DA:83,0
DA:84,0
LF:28
LH:0
BRDA:24,0,0,0
BRDA:24,0,1,0
BRDA:25,1,0,0
BRDA:25,1,1,0
BRDA:27,2,0,0
BRDA:27,2,1,0
BRDA:28,3,0,0
BRDA:28,3,1,0
BRDA:30,4,0,0
BRDA:31,5,0,0
BRDA:31,5,1,0
BRDA:35,6,0,0
BRDA:35,6,1,0
BRDA:36,7,0,0
BRDA:36,7,1,0
BRDA:37,8,0,0
BRDA:37,8,1,0
BRDA:38,9,0,0
BRDA:38,9,1,0
BRDA:39,10,0,0
BRDA:39,11,0,0
BRDA:39,11,1,0
BRDA:73,12,0,0
BRDA:73,13,0,0
BRDA:73,13,1,0
BRDA:73,13,2,0
BRDA:76,14,0,0
BRDA:76,15,0,0
BRDA:76,15,1,0
BRDA:82,16,0,0
BRDA:82,16,1,0
BRDA:83,17,0,0
BRDA:83,17,1,0
BRDA:84,18,0,0
BRDA:84,18,1,0
BRDA:87,19,0,0
BRDA:87,19,1,0
BRF:37
BRH:0
end_of_record
TN:
SF:src/hooks/useMetricsStream.ts
FN:7,useMetricsStream
FN:14,(anonymous_1)
FN:17,connect
FN:26,(anonymous_3)
FN:33,(anonymous_4)
FN:37,(anonymous_5)
FN:48,(anonymous_6)
FN:57,(anonymous_7)
FN:62,(anonymous_8)
FNF:9
FNH:0
FNDA:0,useMetricsStream
FNDA:0,(anonymous_1)
FNDA:0,connect
FNDA:0,(anonymous_3)
FNDA:0,(anonymous_4)
FNDA:0,(anonymous_5)
FNDA:0,(anonymous_6)
FNDA:0,(anonymous_7)
FNDA:0,(anonymous_8)
DA:1,0
DA:5,0
DA:7,0
DA:8,0
DA:9,0
DA:10,0
DA:11,0
DA:12,0
DA:14,0
DA:15,0
DA:18,0
DA:20,0
DA:21,0
DA:24,0
DA:26,0
DA:27,0
DA:28,0
DA:29,0
DA:33,0
DA:34,0
DA:35,0
DA:36,0
DA:37,0
DA:38,0
DA:39,0
DA:48,0
DA:49,0
DA:50,0
DA:51,0
DA:52,0
DA:53,0
DA:57,0
DA:60,0
DA:62,0
DA:63,0
DA:64,0
DA:65,0
DA:66,0
DA:71,0
LF:39
LH:0
BRDA:18,0,0,0
BRDA:20,1,0,0
BRDA:20,1,1,0
BRDA:27,2,0,0
BRDA:34,3,0,0
BRDA:39,4,0,0
BRDA:39,4,1,0
BRDA:49,5,0,0
BRDA:64,6,0,0
BRF:9
BRH:0
end_of_record
TN:
SF:src/hooks/useSort.ts
FN:12,useSort
FN:18,(anonymous_1)
FN:19,(anonymous_2)
FN:30,(anonymous_3)
FN:32,sortedFolders
FN:33,(anonymous_5)
FN:44,sortedFiles
FN:45,(anonymous_7)
FNF:8
FNH:8
FNDA:10,useSort
FNDA:5,(anonymous_1)
FNDA:5,(anonymous_2)
FNDA:52,(anonymous_3)
FNDA:6,sortedFolders
FNDA:24,(anonymous_5)
FNDA:7,sortedFiles
FNDA:28,(anonymous_7)
DA:1,1
DA:12,1
DA:16,10
DA:18,10
DA:19,5
DA:25,10
DA:30,52
DA:32,1
DA:33,6
DA:34,24
DA:35,8
DA:40,16
DA:44,1
DA:45,7
DA:46,28
DA:47,8
DA:51,20
DA:52,8
LF:18
LH:18
BRDA:12,0,0,9
BRDA:21,1,0,4
BRDA:21,1,1,1
BRDA:21,2,0,3
BRDA:21,2,1,1
BRDA:30,3,0,28
BRDA:30,3,1,24
BRDA:34,4,0,8
BRDA:46,5,0,8
BRDA:51,6,0,12
BRF:10
BRH:10
end_of_record
TN:
SF:src/routes/__root.tsx
FN:13,(anonymous_0)
FN:23,Root
FN:33,RootLayout
FN:38,(anonymous_3)
FN:39,handleSessionExpired
FN:46,(anonymous_5)
FN:58,PublicHeader
FNF:7
FNH:0
FNDA:0,(anonymous_0)
FNDA:0,Root
FNDA:0,RootLayout
FNDA:0,(anonymous_3)
FNDA:0,handleSessionExpired
FNDA:0,(anonymous_5)
FNDA:0,PublicHeader
DA:1,0
DA:2,0
DA:3,0
DA:5,0
DA:6,0
DA:7,0
DA:8,0
DA:9,0
DA:11,0
DA:14,0
DA:24,0
DA:34,0
DA:35,0
DA:36,0
DA:38,0
DA:40,0
DA:41,0
DA:42,0
DA:43,0
DA:45,0
DA:46,0
DA:49,0
DA:59,0
LF:23
LH:0
BRDA:40,0,0,0
BRDA:51,1,0,0
BRDA:51,1,1,0
BRF:3
BRH:0
end_of_record
TN:
SF:src/routes/_auth.tsx
FN:11,(anonymous_0)
FN:22,RouteComponent
FN:31,(anonymous_2)
FN:39,(anonymous_3)
FN:40,handleClickOutside
FN:46,(anonymous_5)
FN:49,closeMenu
FN:87,(anonymous_7)
FN:94,(anonymous_8)
FN:94,(anonymous_9)
FN:122,(anonymous_10)
FN:146,NavLink
FN:160,MobileNavLink
FNF:13
FNH:0
FNDA:0,(anonymous_0)
FNDA:0,RouteComponent
FNDA:0,(anonymous_2)
FNDA:0,(anonymous_3)
FNDA:0,handleClickOutside
FNDA:0,(anonymous_5)
FNDA:0,closeMenu
FNDA:0,(anonymous_7)
FNDA:0,(anonymous_8)
FNDA:0,(anonymous_9)
FNDA:0,(anonymous_10)
FNDA:0,NavLink
FNDA:0,MobileNavLink
DA:1,0
DA:2,0
DA:3,0
DA:4,0
DA:5,0
DA:6,0
DA:7,0
DA:8,0
DA:10,0
DA:12,0
DA:13,0
DA:14,0
DA:15,0
DA:17,0
DA:23,0
DA:24,0
DA:25,0
DA:26,0
DA:27,0
DA:29,0
DA:32,0
DA:33,0
DA:34,0
DA:39,0
DA:41,0
DA:42,0
DA:45,0
DA:46,0
DA:49,0
DA:51,0
DA:87,0
DA:94,0
DA:122,0
DA:147,0
DA:161,0
LF:35
LH:0
BRDA:13,0,0,0
BRDA:41,1,0,0
BRDA:41,2,0,0
BRDA:41,2,1,0
BRDA:45,3,0,0
BRDA:66,4,0,0
BRDA:66,4,1,0
BRDA:98,5,0,0
BRDA:98,5,1,0
BRDA:104,6,0,0
BRDA:104,6,1,0
BRDA:111,7,0,0
BRDA:111,7,1,0
BRF:13
BRH:0
end_of_record
TN:
SF:src/routes/about.tsx
FN:83,GitHubIcon
FN:91,LinkedInIcon
FN:99,ExternalLinkIcon
FN:109,ResumeCard
FN:135,(anonymous_4)
FN:148,(anonymous_5)
FN:169,SectionHeading
FN:182,RouteComponent
FN:228,(anonymous_8)
FN:238,(anonymous_9)
FNF:10
FNH:8
FNDA:7,GitHubIcon
FNDA:7,LinkedInIcon
FNDA:0,ExternalLinkIcon
FNDA:28,ResumeCard
FNDA:91,(anonymous_4)
FNDA:0,(anonymous_5)
FNDA:14,SectionHeading
FNDA:7,RouteComponent
FNDA:21,(anonymous_8)
FNDA:7,(anonymous_9)
DA:1,1
DA:3,1
DA:25,1
DA:66,1
DA:84,7
DA:92,7
DA:100,0
DA:110,28
DA:136,91
DA:149,0
DA:170,14
DA:183,7
DA:229,21
DA:239,7
LF:14
LH:12
BRDA:127,0,0,28
BRDA:127,0,1,7
BRDA:134,1,0,0
BRDA:134,1,1,28
BRDA:134,2,0,28
BRDA:134,2,1,0
BRDA:134,3,0,21
BRDA:134,3,1,7
BRDA:144,4,0,28
BRDA:144,4,1,0
BRDA:144,4,2,0
BRF:11
BRH:7
end_of_record
TN:
SF:src/routes/index.tsx
FN:41,RouteComponent
FN:82,(anonymous_1)
FNF:2
FNH:2
FNDA:5,RouteComponent
FNDA:30,(anonymous_1)
DA:1,1
DA:2,1
DA:4,1
DA:8,1
DA:42,5
DA:83,30
LF:6
LH:6
BRF:0
BRH:0
end_of_record
TN:
SF:src/routes/interest.tsx
FN:19,formatGB
FN:23,RouteComponent
FN:36,(anonymous_2)
FN:44,(anonymous_3)
FN:48,(anonymous_4)
FN:56,handleSubmit
FN:100,(anonymous_6)
FN:116,(anonymous_7)
FN:137,(anonymous_8)
FN:141,(anonymous_9)
FN:145,(anonymous_10)
FN:166,(anonymous_11)
FN:182,(anonymous_12)
FN:183,(anonymous_13)
FN:184,(anonymous_14)
FNF:15
FNH:0
FNDA:0,formatGB
FNDA:0,RouteComponent
FNDA:0,(anonymous_2)
FNDA:0,(anonymous_3)
FNDA:0,(anonymous_4)
FNDA:0,handleSubmit
FNDA:0,(anonymous_6)
FNDA:0,(anonymous_7)
FNDA:0,(anonymous_8)
FNDA:0,(anonymous_9)
FNDA:0,(anonymous_10)
FNDA:0,(anonymous_11)
FNDA:0,(anonymous_12)
FNDA:0,(anonymous_13)
FNDA:0,(anonymous_14)
DA:1,0
DA:2,0
DA:3,0
DA:4,0
DA:6,0
DA:7,0
DA:9,0
DA:13,0
DA:14,0
DA:15,0
DA:17,0
DA:20,0
DA:24,0
DA:26,0
DA:27,0
DA:28,0
DA:29,0
DA:30,0
DA:31,0
DA:32,0
DA:33,0
DA:35,0
DA:37,0
DA:45,0
DA:46,0
DA:49,0
DA:51,0
DA:52,0
DA:57,0
DA:58,0
DA:59,0
DA:60,0
DA:62,0
DA:63,0
DA:66,0
DA:67,0
DA:84,0
DA:100,0
DA:116,0
DA:137,0
DA:142,0
DA:145,0
DA:166,0
DA:182,0
DA:183,0
DA:184,0
LF:46
LH:0
BRDA:49,0,0,0
BRDA:49,0,1,0
BRDA:58,1,0,0
BRDA:66,2,0,0
BRDA:147,3,0,0
BRDA:147,3,1,0
BRDA:177,4,0,0
BRDA:177,4,1,0
BRDA:189,5,0,0
BRDA:189,5,1,0
BRDA:193,6,0,0
BRDA:193,6,1,0
BRDA:196,7,0,0
BRDA:196,7,1,0
BRF:14
BRH:0
end_of_record
TN:
SF:src/routes/login.tsx
FN:11,RouteComponent
FN:20,handleSubmit
FN:45,(anonymous_2)
FN:56,(anonymous_3)
FN:65,(anonymous_4)
FN:82,(anonymous_5)
FN:91,ForgotPasswordModal
FN:100,handleRequest
FN:114,handleReset
FN:135,(anonymous_9)
FN:158,(anonymous_10)
FN:187,(anonymous_11)
FN:199,(anonymous_12)
FN:210,(anonymous_13)
FN:226,(anonymous_14)
FNF:15
FNH:8
FNDA:35,RouteComponent
FNDA:5,handleSubmit
FNDA:5,(anonymous_2)
FNDA:3,(anonymous_3)
FNDA:5,(anonymous_4)
FNDA:2,(anonymous_5)
FNDA:3,ForgotPasswordModal
FNDA:0,handleRequest
FNDA:0,handleReset
FNDA:2,(anonymous_9)
FNDA:0,(anonymous_10)
FNDA:0,(anonymous_11)
FNDA:0,(anonymous_12)
FNDA:0,(anonymous_13)
FNDA:0,(anonymous_14)
DA:1,1
DA:2,1
DA:3,1
DA:4,1
DA:5,1
DA:7,1
DA:12,35
DA:13,35
DA:14,35
DA:15,35
DA:16,35
DA:17,35
DA:18,35
DA:21,5
DA:22,5
DA:23,5
DA:24,5
DA:25,4
DA:27,4
DA:28,2
DA:29,2
DA:30,1
DA:32,1
DA:36,35
DA:45,5
DA:56,3
DA:65,5
DA:82,2
DA:92,3
DA:93,3
DA:94,3
DA:95,3
DA:96,3
DA:97,3
DA:98,3
DA:101,0
DA:102,0
DA:103,0
DA:104,0
DA:105,0
DA:106,0
DA:108,0
DA:110,0
DA:115,0
DA:116,0
DA:117,0
DA:118,0
DA:119,0
DA:121,0
DA:122,0
DA:123,0
DA:124,0
DA:126,0
DA:128,0
DA:132,3
DA:135,2
DA:158,0
DA:187,0
DA:199,0
DA:210,0
DA:226,0
LF:61
LH:37
BRDA:27,0,0,2
BRDA:27,0,1,2
BRDA:29,1,0,1
BRDA:29,1,1,1
BRDA:71,2,0,35
BRDA:71,2,1,1
BRDA:77,3,0,5
BRDA:77,3,1,30
BRDA:82,4,0,35
BRDA:82,4,1,3
BRDA:117,5,0,0
BRDA:135,6,0,1
BRDA:146,7,0,3
BRDA:146,7,1,3
BRDA:164,8,0,3
BRDA:164,8,1,0
BRDA:170,9,0,0
BRDA:170,9,1,3
BRDA:176,10,0,3
BRDA:176,10,1,0
BRDA:216,11,0,0
BRDA:216,11,1,0
BRDA:222,12,0,0
BRDA:222,12,1,0
BRDA:235,13,0,3
BRDA:235,13,1,0
BRF:26
BRH:17
end_of_record
TN:
SF:src/routes/register.tsx
FN:13,(anonymous_0)
FN:16,(anonymous_1)
FN:17,(anonymous_2)
FN:22,RouteComponent
FN:32,(anonymous_4)
FN:33,(anonymous_5)
FN:36,(anonymous_6)
FN:56,(anonymous_7)
FN:67,(anonymous_8)
FN:78,(anonymous_9)
FN:89,(anonymous_10)
FNF:11
FNH:1
FNDA:0,(anonymous_0)
FNDA:0,(anonymous_1)
FNDA:0,(anonymous_2)
FNDA:5,RouteComponent
FNDA:0,(anonymous_4)
FNDA:0,(anonymous_5)
FNDA:0,(anonymous_6)
FNDA:0,(anonymous_7)
FNDA:0,(anonymous_8)
FNDA:0,(anonymous_9)
FNDA:0,(anonymous_10)
DA:1,1
DA:2,1
DA:3,1
DA:4,1
DA:5,1
DA:11,1
DA:13,0
DA:16,0
DA:18,0
DA:23,5
DA:24,5
DA:26,5
DA:27,5
DA:28,5
DA:29,5
DA:31,5
DA:32,0
DA:34,0
DA:37,0
DA:41,5
DA:42,1
DA:51,4
DA:57,0
DA:58,0
DA:59,0
DA:67,0
DA:78,0
DA:89,0
LF:28
LH:16
BRDA:14,0,0,0
BRDA:14,0,1,0
BRDA:37,1,0,0
BRDA:37,1,1,0
BRDA:41,2,0,1
BRDA:96,3,0,4
BRDA:96,3,1,0
BRDA:102,4,0,0
BRDA:102,4,1,4
BRF:9
BRH:3
end_of_record
TN:
SF:src/routes/_auth.admin/banned-ips.tsx
FN:15,RouteComponent
FN:23,(anonymous_1)
FN:26,(anonymous_2)
FN:31,(anonymous_3)
FN:35,(anonymous_4)
FN:40,(anonymous_5)
FN:44,(anonymous_6)
FN:47,(anonymous_7)
FN:65,(anonymous_8)
FN:68,(anonymous_9)
FN:93,(anonymous_10)
FN:104,(anonymous_11)
FN:108,(anonymous_12)
FN:113,(anonymous_13)
FN:125,(anonymous_14)
FN:146,BanRow
FN:234,formatRelative
FNF:17
FNH:0
FNDA:0,RouteComponent
FNDA:0,(anonymous_1)
FNDA:0,(anonymous_2)
FNDA:0,(anonymous_3)
FNDA:0,(anonymous_4)
FNDA:0,(anonymous_5)
FNDA:0,(anonymous_6)
FNDA:0,(anonymous_7)
FNDA:0,(anonymous_8)
FNDA:0,(anonymous_9)
FNDA:0,(anonymous_10)
FNDA:0,(anonymous_11)
FNDA:0,(anonymous_12)
FNDA:0,(anonymous_13)
FNDA:0,(anonymous_14)
FNDA:0,BanRow
FNDA:0,formatRelative
DA:1,0
DA:2,0
DA:3,0
DA:4,0
DA:5,0
DA:6,0
DA:9,0
DA:16,0
DA:17,0
DA:18,0
DA:21,0
DA:24,0
DA:26,0
DA:29,0
DA:32,0
DA:33,0
DA:35,0
DA:38,0
DA:41,0
DA:42,0
DA:44,0
DA:47,0
DA:48,0
DA:50,0
DA:51,0
DA:53,0
DA:66,0
DA:68,0
DA:94,0
DA:105,0
DA:109,0
DA:110,0
DA:113,0
DA:125,0
DA:147,0
DA:148,0
DA:150,0
DA:235,0
DA:236,0
DA:237,0
DA:238,0
DA:239,0
DA:240,0
DA:241,0
DA:242,0
DA:243,0
DA:244,0
LF:47
LH:0
BRDA:26,0,0,0
BRDA:26,0,1,0
BRDA:47,1,0,0
BRDA:47,1,1,0
BRDA:50,2,0,0
BRDA:51,3,0,0
BRDA:58,4,0,0
BRDA:58,4,1,0
BRDA:60,5,0,0
BRDA:60,5,1,0
BRDA:70,6,0,0
BRDA:70,6,1,0
BRDA:81,7,0,0
BRDA:81,7,1,0
BRDA:85,8,0,0
BRDA:85,8,1,0
BRDA:109,9,0,0
BRDA:114,10,0,0
BRDA:114,10,1,0
BRDA:115,11,0,0
BRDA:115,11,1,0
BRDA:123,12,0,0
BRDA:123,12,1,0
BRDA:129,13,0,0
BRDA:129,13,1,0
BRDA:148,14,0,0
BRDA:148,14,1,0
BRDA:159,15,0,0
BRDA:159,15,1,0
BRDA:176,16,0,0
BRDA:176,16,1,0
BRDA:176,16,2,0
BRDA:186,17,0,0
BRDA:186,17,1,0
BRDA:188,18,0,0
BRDA:188,18,1,0
BRDA:202,19,0,0
BRDA:202,19,1,0
BRDA:211,20,0,0
BRDA:211,20,1,0
BRDA:220,21,0,0
BRDA:220,21,1,0
BRDA:237,22,0,0
BRDA:238,23,0,0
BRDA:240,24,0,0
BRDA:242,25,0,0
BRF:46
BRH:0
end_of_record
TN:
SF:src/routes/_auth.admin/interest.tsx
FN:29,RouteComponent
FN:44,(anonymous_1)
FN:45,(anonymous_2)
FN:50,(anonymous_3)
FN:65,(anonymous_4)
FN:66,(anonymous_5)
FN:67,(anonymous_6)
FN:73,(anonymous_7)
FN:85,(anonymous_8)
FN:99,(anonymous_9)
FN:107,(anonymous_10)
FN:121,(anonymous_11)
FN:129,(anonymous_12)
FN:152,(anonymous_13)
FN:156,(anonymous_14)
FN:168,(anonymous_15)
FN:183,(anonymous_16)
FN:192,(anonymous_17)
FN:199,(anonymous_18)
FN:212,(anonymous_19)
FN:227,(anonymous_20)
FN:252,(anonymous_21)
FN:271,(anonymous_22)
FNF:23
FNH:0
FNDA:0,RouteComponent
FNDA:0,(anonymous_1)
FNDA:0,(anonymous_2)
FNDA:0,(anonymous_3)
FNDA:0,(anonymous_4)
FNDA:0,(anonymous_5)
FNDA:0,(anonymous_6)
FNDA:0,(anonymous_7)
FNDA:0,(anonymous_8)
FNDA:0,(anonymous_9)
FNDA:0,(anonymous_10)
FNDA:0,(anonymous_11)
FNDA:0,(anonymous_12)
FNDA:0,(anonymous_13)
FNDA:0,(anonymous_14)
FNDA:0,(anonymous_15)
FNDA:0,(anonymous_16)
FNDA:0,(anonymous_17)
FNDA:0,(anonymous_18)
FNDA:0,(anonymous_19)
FNDA:0,(anonymous_20)
FNDA:0,(anonymous_21)
FNDA:0,(anonymous_22)
DA:1,0
DA:2,0
DA:3,0
DA:4,0
DA:10,0
DA:11,0
DA:12,0
DA:14,0
DA:18,0
DA:20,0
DA:30,0
DA:31,0
DA:34,0
DA:36,0
DA:37,0
DA:40,0
DA:41,0
DA:43,0
DA:44,0
DA:46,0
DA:47,0
DA:48,0
DA:51,0
DA:56,0
DA:57,0
DA:58,0
DA:59,0
DA:60,0
DA:62,0
DA:64,0
DA:65,0
DA:66,0
DA:68,0
DA:69,0
DA:70,0
DA:71,0
DA:74,0
DA:75,0
DA:79,0
DA:80,0
DA:82,0
DA:83,0
DA:85,0
DA:87,0
DA:99,0
DA:107,0
DA:121,0
DA:129,0
DA:153,0
DA:156,0
DA:168,0
DA:183,0
DA:192,0
DA:199,0
DA:213,0
DA:228,0
DA:253,0
DA:254,0
DA:255,0
DA:271,0
LF:60
LH:0
BRDA:51,0,0,0
BRDA:51,0,1,0
BRDA:62,1,0,0
BRDA:62,1,1,0
BRDA:62,2,0,0
BRDA:62,2,1,0
BRDA:74,3,0,0
BRDA:74,3,1,0
BRDA:79,4,0,0
BRDA:79,4,1,0
BRDA:80,5,0,0
BRDA:80,5,1,0
BRDA:82,6,0,0
BRDA:83,7,0,0
BRDA:85,8,0,0
BRDA:85,8,1,0
BRDA:95,9,0,0
BRDA:95,9,1,0
BRDA:97,10,0,0
BRDA:97,10,1,0
BRDA:114,11,0,0
BRDA:114,11,1,0
BRDA:117,12,0,0
BRDA:117,12,1,0
BRDA:129,13,0,0
BRDA:129,13,1,0
BRDA:138,14,0,0
BRDA:138,14,1,0
BRDA:143,15,0,0
BRDA:143,15,1,0
BRDA:146,16,0,0
BRDA:146,16,1,0
BRDA:158,17,0,0
BRDA:158,17,1,0
BRDA:158,18,0,0
BRDA:158,18,1,0
BRDA:170,19,0,0
BRDA:170,19,1,0
BRDA:175,20,0,0
BRDA:175,20,1,0
BRDA:193,21,0,0
BRDA:193,21,1,0
BRDA:193,21,2,0
BRDA:193,21,3,0
BRDA:196,22,0,0
BRDA:196,22,1,0
BRDA:220,23,0,0
BRDA:220,23,1,0
BRDA:239,24,0,0
BRDA:239,24,1,0
BRDA:250,25,0,0
BRDA:250,25,1,0
BRDA:269,26,0,0
BRDA:269,26,1,0
BRDA:275,27,0,0
BRDA:275,27,1,0
BRF:56
BRH:0
end_of_record
TN:
SF:src/routes/_auth.admin/invitations.tsx
FN:31,RouteComponent
FN:52,(anonymous_1)
FN:53,(anonymous_2)
FN:59,(anonymous_3)
FN:66,(anonymous_4)
FN:67,(anonymous_5)
FN:72,(anonymous_6)
FN:73,(anonymous_7)
FN:74,(anonymous_8)
FN:79,(anonymous_9)
FN:85,(anonymous_10)
FN:86,(anonymous_11)
FN:88,(anonymous_12)
FN:88,(anonymous_13)
FN:92,resendCooldownRemaining
FN:105,(anonymous_15)
FN:124,(anonymous_16)
FN:136,(anonymous_17)
FN:151,(anonymous_18)
FN:155,(anonymous_19)
FN:167,(anonymous_20)
FN:184,(anonymous_21)
FN:198,(anonymous_22)
FN:206,(anonymous_23)
FN:236,(anonymous_24)
FN:247,(anonymous_25)
FN:258,(anonymous_26)
FN:279,(anonymous_27)
FNF:28
FNH:0
FNDA:0,RouteComponent
FNDA:0,(anonymous_1)
FNDA:0,(anonymous_2)
FNDA:0,(anonymous_3)
FNDA:0,(anonymous_4)
FNDA:0,(anonymous_5)
FNDA:0,(anonymous_6)
FNDA:0,(anonymous_7)
FNDA:0,(anonymous_8)
FNDA:0,(anonymous_9)
FNDA:0,(anonymous_10)
FNDA:0,(anonymous_11)
FNDA:0,(anonymous_12)
FNDA:0,(anonymous_13)
FNDA:0,resendCooldownRemaining
FNDA:0,(anonymous_15)
FNDA:0,(anonymous_16)
FNDA:0,(anonymous_17)
FNDA:0,(anonymous_18)
FNDA:0,(anonymous_19)
FNDA:0,(anonymous_20)
FNDA:0,(anonymous_21)
FNDA:0,(anonymous_22)
FNDA:0,(anonymous_23)
FNDA:0,(anonymous_24)
FNDA:0,(anonymous_25)
FNDA:0,(anonymous_26)
FNDA:0,(anonymous_27)
DA:1,0
DA:2,0
DA:3,0
DA:4,0
DA:5,0
DA:12,0
DA:13,0
DA:15,0
DA:19,0
DA:20,0
DA:22,0
DA:32,0
DA:34,0
DA:35,0
DA:37,0
DA:38,0
DA:39,0
DA:40,0
DA:41,0
DA:42,0
DA:43,0
DA:44,0
DA:45,0
DA:47,0
DA:51,0
DA:52,0
DA:54,0
DA:55,0
DA:56,0
DA:57,0
DA:60,0
DA:64,0
DA:66,0
DA:67,0
DA:70,0
DA:72,0
DA:74,0
DA:75,0
DA:76,0
DA:77,0
DA:80,0
DA:81,0
DA:85,0
DA:86,0
DA:87,0
DA:88,0
DA:93,0
DA:94,0
DA:95,0
DA:98,0
DA:99,0
DA:100,0
DA:102,0
DA:103,0
DA:105,0
DA:107,0
DA:125,0
DA:126,0
DA:127,0
DA:136,0
DA:152,0
DA:155,0
DA:167,0
DA:184,0
DA:199,0
DA:207,0
DA:208,0
DA:209,0
DA:210,0
DA:211,0
DA:212,0
DA:236,0
DA:248,0
DA:259,0
DA:260,0
DA:279,0
LF:76
LH:0
BRDA:47,0,0,0
BRDA:47,0,1,0
BRDA:48,1,0,0
BRDA:48,1,1,0
BRDA:60,2,0,0
BRDA:60,2,1,0
BRDA:88,3,0,0
BRDA:88,3,1,0
BRDA:94,4,0,0
BRDA:98,5,0,0
BRDA:98,5,1,0
BRDA:99,6,0,0
BRDA:99,6,1,0
BRDA:100,7,0,0
BRDA:100,7,1,0
BRDA:102,8,0,0
BRDA:103,9,0,0
BRDA:105,10,0,0
BRDA:105,10,1,0
BRDA:111,11,0,0
BRDA:111,11,1,0
BRDA:115,12,0,0
BRDA:115,12,1,0
BRDA:142,13,0,0
BRDA:142,13,1,0
BRDA:142,13,2,0
BRDA:142,13,3,0
BRDA:145,14,0,0
BRDA:145,14,1,0
BRDA:157,15,0,0
BRDA:157,15,1,0
BRDA:157,16,0,0
BRDA:157,16,1,0
BRDA:169,17,0,0
BRDA:169,17,1,0
BRDA:176,18,0,0
BRDA:176,18,1,0
BRDA:192,19,0,0
BRDA:192,19,1,0
BRDA:207,20,0,0
BRDA:207,20,1,0
BRDA:207,20,2,0
BRDA:208,21,0,0
BRDA:208,21,1,0
BRDA:208,22,0,0
BRDA:208,22,1,0
BRDA:208,23,0,0
BRDA:208,23,1,0
BRDA:223,24,0,0
BRDA:223,24,1,0
BRDA:224,25,0,0
BRDA:224,25,1,0
BRDA:225,26,0,0
BRDA:225,26,1,0
BRDA:232,27,0,0
BRDA:232,27,1,0
BRDA:232,27,2,0
BRDA:234,28,0,0
BRDA:234,28,1,0
BRDA:234,28,2,0
BRDA:240,29,0,0
BRDA:240,29,1,0
BRDA:248,30,0,0
BRDA:250,31,0,0
BRDA:250,31,1,0
BRDA:251,32,0,0
BRDA:251,32,1,0
BRDA:254,33,0,0
BRDA:254,33,1,0
BRDA:255,34,0,0
BRDA:255,34,1,0
BRDA:259,35,0,0
BRDA:277,36,0,0
BRDA:277,36,1,0
BRDA:283,37,0,0
BRDA:283,37,1,0
BRF:76
BRH:0
end_of_record
TN:
SF:src/routes/_auth.admin/metrics.tsx
FN:32,formatTempY
FN:36,RouteComponent
FN:61,(anonymous_2)
FN:63,(anonymous_3)
FN:64,(anonymous_4)
FN:68,(anonymous_5)
FN:70,(anonymous_6)
FN:71,(anonymous_7)
FN:76,(anonymous_8)
FN:80,(anonymous_9)
FN:84,(anonymous_10)
FN:86,(anonymous_11)
FN:90,(anonymous_12)
FN:128,(anonymous_13)
FN:129,(anonymous_14)
FN:133,(anonymous_15)
FN:134,(anonymous_16)
FN:137,(anonymous_17)
FN:138,(anonymous_18)
FN:142,(anonymous_19)
FN:148,(anonymous_20)
FN:152,(anonymous_21)
FN:158,(anonymous_22)
FN:159,(anonymous_23)
FN:162,(anonymous_24)
FN:163,(anonymous_25)
FN:178,(anonymous_26)
FN:186,(anonymous_27)
FN:189,(anonymous_28)
FN:198,(anonymous_29)
FN:203,(anonymous_30)
FN:204,(anonymous_31)
FN:244,(anonymous_32)
FN:251,(anonymous_33)
FN:259,(anonymous_34)
FN:285,(anonymous_35)
FN:310,(anonymous_36)
FN:313,(anonymous_37)
FN:370,(anonymous_38)
FN:389,(anonymous_39)
FN:389,(anonymous_40)
FN:412,(anonymous_41)
FN:418,(anonymous_42)
FN:428,(anonymous_43)
FN:434,(anonymous_44)
FN:440,(anonymous_45)
FN:444,(anonymous_46)
FN:461,StatCard
FN:473,SpeedTestCard
FN:508,TestSuiteRow
FN:533,OutputBlock
FN:544,NetworkTrafficCard
FN:562,formatBytesPerSec
FN:570,DriveBar
FN:604,AddServerForm
FN:615,submit
FN:624,(anonymous_56)
FN:632,(anonymous_57)
FN:633,(anonymous_58)
FN:634,(anonymous_59)
FN:635,(anonymous_60)
FN:637,(anonymous_61)
FN:642,(anonymous_62)
FN:649,AddDriveForm
FN:658,submit
FN:669,(anonymous_65)
FN:677,(anonymous_66)
FN:678,(anonymous_67)
FN:680,(anonymous_68)
FN:686,(anonymous_69)
FNF:70
FNH:0
FNDA:0,formatTempY
FNDA:0,RouteComponent
FNDA:0,(anonymous_2)
FNDA:0,(anonymous_3)
FNDA:0,(anonymous_4)
FNDA:0,(anonymous_5)
FNDA:0,(anonymous_6)
FNDA:0,(anonymous_7)
FNDA:0,(anonymous_8)
FNDA:0,(anonymous_9)
FNDA:0,(anonymous_10)
FNDA:0,(anonymous_11)
FNDA:0,(anonymous_12)
FNDA:0,(anonymous_13)
FNDA:0,(anonymous_14)
FNDA:0,(anonymous_15)
FNDA:0,(anonymous_16)
FNDA:0,(anonymous_17)
FNDA:0,(anonymous_18)
FNDA:0,(anonymous_19)
FNDA:0,(anonymous_20)
FNDA:0,(anonymous_21)
FNDA:0,(anonymous_22)
FNDA:0,(anonymous_23)
FNDA:0,(anonymous_24)
FNDA:0,(anonymous_25)
FNDA:0,(anonymous_26)
FNDA:0,(anonymous_27)
FNDA:0,(anonymous_28)
FNDA:0,(anonymous_29)
FNDA:0,(anonymous_30)
FNDA:0,(anonymous_31)
FNDA:0,(anonymous_32)
FNDA:0,(anonymous_33)
FNDA:0,(anonymous_34)
FNDA:0,(anonymous_35)
FNDA:0,(anonymous_36)
FNDA:0,(anonymous_37)
FNDA:0,(anonymous_38)
FNDA:0,(anonymous_39)
FNDA:0,(anonymous_40)
FNDA:0,(anonymous_41)
FNDA:0,(anonymous_42)
FNDA:0,(anonymous_43)
FNDA:0,(anonymous_44)
FNDA:0,(anonymous_45)
FNDA:0,(anonymous_46)
FNDA:0,StatCard
FNDA:0,SpeedTestCard
FNDA:0,TestSuiteRow
FNDA:0,OutputBlock
FNDA:0,NetworkTrafficCard
FNDA:0,formatBytesPerSec
FNDA:0,DriveBar
FNDA:0,AddServerForm
FNDA:0,submit
FNDA:0,(anonymous_56)
FNDA:0,(anonymous_57)
FNDA:0,(anonymous_58)
FNDA:0,(anonymous_59)
FNDA:0,(anonymous_60)
FNDA:0,(anonymous_61)
FNDA:0,(anonymous_62)
FNDA:0,AddDriveForm
FNDA:0,submit
FNDA:0,(anonymous_65)
FNDA:0,(anonymous_66)
FNDA:0,(anonymous_67)
FNDA:0,(anonymous_68)
FNDA:0,(anonymous_69)
DA:1,0
DA:2,0
DA:3,0
DA:4,0
DA:17,0
DA:18,0
DA:19,0
DA:21,0
DA:23,0
DA:27,0
DA:30,0
DA:33,0
DA:37,0
DA:38,0
DA:39,0
DA:40,0
DA:42,0
DA:43,0
DA:46,0
DA:47,0
DA:48,0
DA:49,0
DA:56,0
DA:58,0
DA:60,0
DA:62,0
DA:63,0
DA:64,0
DA:67,0
DA:69,0
DA:70,0
DA:71,0
DA:74,0
DA:77,0
DA:78,0
DA:80,0
DA:83,0
DA:85,0
DA:87,0
DA:88,0
DA:90,0
DA:93,0
DA:95,0
DA:97,0
DA:102,0
DA:103,0
DA:106,0
DA:108,0
DA:112,0
DA:124,0
DA:127,0
DA:128,0
DA:129,0
DA:132,0
DA:133,0
DA:134,0
DA:136,0
DA:137,0
DA:138,0
DA:140,0
DA:142,0
DA:148,0
DA:149,0
DA:152,0
DA:157,0
DA:158,0
DA:159,0
DA:161,0
DA:162,0
DA:163,0
DA:165,0
DA:166,0
DA:167,0
DA:169,0
DA:170,0
DA:171,0
DA:173,0
DA:178,0
DA:179,0
DA:180,0
DA:184,0
DA:187,0
DA:189,0
DA:192,0
DA:193,0
DA:194,0
DA:196,0
DA:198,0
DA:201,0
DA:203,0
DA:205,0
DA:208,0
DA:213,0
DA:214,0
DA:215,0
DA:216,0
DA:217,0
DA:218,0
DA:219,0
DA:220,0
DA:221,0
DA:225,0
DA:226,0
DA:228,0
DA:244,0
DA:251,0
DA:259,0
DA:285,0
DA:311,0
DA:313,0
DA:370,0
DA:389,0
DA:412,0
DA:419,0
DA:428,0
DA:434,0
DA:441,0
DA:444,0
DA:462,0
DA:478,0
DA:509,0
DA:510,0
DA:518,0
DA:519,0
DA:534,0
DA:545,0
DA:563,0
DA:564,0
DA:565,0
DA:566,0
DA:567,0
DA:571,0
DA:572,0
DA:573,0
DA:574,0
DA:608,0
DA:609,0
DA:610,0
DA:611,0
DA:612,0
DA:613,0
DA:616,0
DA:617,0
DA:618,0
DA:619,0
DA:622,0
DA:623,0
DA:624,0
DA:630,0
DA:632,0
DA:633,0
DA:634,0
DA:635,0
DA:637,0
DA:642,0
DA:653,0
DA:654,0
DA:655,0
DA:656,0
DA:659,0
DA:660,0
DA:661,0
DA:662,0
DA:663,0
DA:664,0
DA:667,0
DA:668,0
DA:669,0
DA:675,0
DA:677,0
DA:678,0
DA:680,0
DA:686,0
LF:173
LH:0
BRDA:43,0,0,0
BRDA:43,0,1,0
BRDA:48,1,0,0
BRDA:95,2,0,0
BRDA:95,2,1,0
BRDA:97,3,0,0
BRDA:97,3,1,0
BRDA:97,4,0,0
BRDA:97,4,1,0
BRDA:102,5,0,0
BRDA:102,5,1,0
BRDA:103,6,0,0
BRDA:103,6,1,0
BRDA:108,7,0,0
BRDA:108,7,1,0
BRDA:108,8,0,0
BRDA:108,8,1,0
BRDA:115,9,0,0
BRDA:115,9,1,0
BRDA:119,10,0,0
BRDA:119,10,1,0
BRDA:133,11,0,0
BRDA:133,11,1,0
BRDA:137,12,0,0
BRDA:137,12,1,0
BRDA:149,13,0,0
BRDA:152,14,0,0
BRDA:152,14,1,0
BRDA:157,15,0,0
BRDA:157,15,1,0
BRDA:161,16,0,0
BRDA:161,16,1,0
BRDA:165,17,0,0
BRDA:165,17,1,0
BRDA:166,18,0,0
BRDA:166,18,1,0
BRDA:167,19,0,0
BRDA:167,19,1,0
BRDA:171,20,0,0
BRDA:171,20,1,0
BRDA:179,21,0,0
BRDA:179,22,0,0
BRDA:179,22,1,0
BRDA:205,23,0,0
BRDA:205,23,1,0
BRDA:215,24,0,0
BRDA:219,25,0,0
BRDA:234,26,0,0
BRDA:234,26,1,0
BRDA:236,27,0,0
BRDA:236,27,1,0
BRDA:240,28,0,0
BRDA:240,28,1,0
BRDA:268,29,0,0
BRDA:268,29,1,0
BRDA:282,30,0,0
BRDA:282,30,1,0
BRDA:286,31,0,0
BRDA:286,31,1,0
BRDA:289,32,0,0
BRDA:289,32,1,0
BRDA:298,33,0,0
BRDA:298,33,1,0
BRDA:315,34,0,0
BRDA:315,34,1,0
BRDA:334,35,0,0
BRDA:334,35,1,0
BRDA:337,36,0,0
BRDA:337,36,1,0
BRDA:337,37,0,0
BRDA:337,37,1,0
BRDA:338,38,0,0
BRDA:338,38,1,0
BRDA:343,39,0,0
BRDA:343,39,1,0
BRDA:350,40,0,0
BRDA:350,40,1,0
BRDA:355,41,0,0
BRDA:355,41,1,0
BRDA:374,42,0,0
BRDA:374,42,1,0
BRDA:378,43,0,0
BRDA:378,43,1,0
BRDA:378,43,2,0
BRDA:381,44,0,0
BRDA:381,44,1,0
BRDA:384,45,0,0
BRDA:384,45,1,0
BRDA:392,46,0,0
BRDA:392,46,1,0
BRDA:394,47,0,0
BRDA:394,47,1,0
BRDA:396,48,0,0
BRDA:396,48,1,0
BRDA:396,48,2,0
BRDA:399,49,0,0
BRDA:399,49,1,0
BRDA:399,49,2,0
BRDA:414,50,0,0
BRDA:414,50,1,0
BRDA:422,51,0,0
BRDA:422,51,1,0
BRDA:424,52,0,0
BRDA:424,52,1,0
BRDA:431,53,0,0
BRDA:431,53,1,0
BRDA:466,54,0,0
BRDA:466,54,1,0
BRDA:487,55,0,0
BRDA:487,55,1,0
BRDA:490,56,0,0
BRDA:490,56,1,0
BRDA:490,57,0,0
BRDA:490,57,1,0
BRDA:499,58,0,0
BRDA:499,58,1,0
BRDA:502,59,0,0
BRDA:502,59,1,0
BRDA:509,60,0,0
BRDA:514,61,0,0
BRDA:514,61,1,0
BRDA:521,62,0,0
BRDA:521,62,1,0
BRDA:523,63,0,0
BRDA:523,63,1,0
BRDA:524,64,0,0
BRDA:524,64,1,0
BRDA:526,65,0,0
BRDA:526,65,1,0
BRDA:538,66,0,0
BRDA:538,66,1,0
BRDA:563,67,0,0
BRDA:565,68,0,0
BRDA:566,69,0,0
BRDA:571,70,0,0
BRDA:571,70,1,0
BRDA:578,71,0,0
BRDA:578,71,1,0
BRDA:592,72,0,0
BRDA:592,72,1,0
BRDA:622,73,0,0
BRDA:640,74,0,0
BRDA:640,74,1,0
BRDA:661,75,0,0
BRDA:661,76,0,0
BRDA:661,76,1,0
BRDA:667,77,0,0
BRDA:684,78,0,0
BRDA:684,78,1,0
BRF:149
BRH:0
end_of_record
TN:
SF:src/routes/_auth.admin/users.tsx
FN:18,isActive
FN:23,RouteComponent
FN:36,(anonymous_2)
FN:38,(anonymous_3)
FN:43,(anonymous_4)
FN:59,(anonymous_5)
FN:61,(anonymous_6)
FN:70,(anonymous_7)
FN:75,startEdit
FN:79,(anonymous_9)
FN:82,cancelEdit
FN:88,confirmEdit
FN:98,(anonymous_12)
FN:108,(anonymous_13)
FN:116,(anonymous_14)
FN:130,(anonymous_15)
FN:132,(anonymous_16)
FN:138,(anonymous_17)
FN:165,(anonymous_18)
FN:186,(anonymous_19)
FN:210,(anonymous_20)
FNF:21
FNH:0
FNDA:0,isActive
FNDA:0,RouteComponent
FNDA:0,(anonymous_2)
FNDA:0,(anonymous_3)
FNDA:0,(anonymous_4)
FNDA:0,(anonymous_5)
FNDA:0,(anonymous_6)
FNDA:0,(anonymous_7)
FNDA:0,startEdit
FNDA:0,(anonymous_9)
FNDA:0,cancelEdit
FNDA:0,confirmEdit
FNDA:0,(anonymous_12)
FNDA:0,(anonymous_13)
FNDA:0,(anonymous_14)
FNDA:0,(anonymous_15)
FNDA:0,(anonymous_16)
FNDA:0,(anonymous_17)
FNDA:0,(anonymous_18)
FNDA:0,(anonymous_19)
FNDA:0,(anonymous_20)
DA:1,0
DA:2,0
DA:3,0
DA:4,0
DA:5,0
DA:6,0
DA:7,0
DA:9,0
DA:11,0
DA:15,0
DA:16,0
DA:19,0
DA:20,0
DA:24,0
DA:25,0
DA:27,0
DA:28,0
DA:29,0
DA:30,0
DA:31,0
DA:32,0
DA:33,0
DA:35,0
DA:37,0
DA:39,0
DA:40,0
DA:41,0
DA:44,0
DA:45,0
DA:46,0
DA:47,0
DA:48,0
DA:51,0
DA:53,0
DA:58,0
DA:60,0
DA:62,0
DA:63,0
DA:64,0
DA:65,0
DA:66,0
DA:67,0
DA:71,0
DA:76,0
DA:77,0
DA:78,0
DA:79,0
DA:83,0
DA:84,0
DA:85,0
DA:89,0
DA:90,0
DA:91,0
DA:92,0
DA:95,0
DA:96,0
DA:98,0
DA:100,0
DA:109,0
DA:117,0
DA:118,0
DA:120,0
DA:130,0
DA:133,0
DA:134,0
DA:138,0
DA:165,0
DA:187,0
DA:188,0
DA:189,0
DA:190,0
DA:210,0
LF:72
LH:0
BRDA:19,0,0,0
BRDA:44,1,0,0
BRDA:44,1,1,0
BRDA:44,2,0,0
BRDA:44,2,1,0
BRDA:45,3,0,0
BRDA:45,3,1,0
BRDA:46,4,0,0
BRDA:46,4,1,0
BRDA:47,5,0,0
BRDA:47,5,1,0
BRDA:48,6,0,0
BRDA:48,6,1,0
BRDA:49,7,0,0
BRDA:49,7,1,0
BRDA:66,8,0,0
BRDA:71,9,0,0
BRDA:71,9,1,0
BRDA:90,10,0,0
BRDA:91,11,0,0
BRDA:95,12,0,0
BRDA:96,13,0,0
BRDA:98,14,0,0
BRDA:98,14,1,0
BRDA:123,15,0,0
BRDA:123,15,1,0
BRDA:133,16,0,0
BRDA:134,17,0,0
BRDA:139,18,0,0
BRDA:139,18,1,0
BRDA:153,19,0,0
BRDA:153,19,1,0
BRDA:160,20,0,0
BRDA:160,20,1,0
BRDA:161,21,0,0
BRDA:161,21,1,0
BRDA:178,22,0,0
BRDA:178,22,1,0
BRDA:181,23,0,0
BRDA:181,23,1,0
BRDA:190,24,0,0
BRDA:190,25,0,0
BRDA:190,25,1,0
BRDA:190,25,2,0
BRDA:196,26,0,0
BRDA:196,26,1,0
BRDA:196,26,2,0
BRDA:208,27,0,0
BRDA:208,27,1,0
BRDA:214,28,0,0
BRDA:214,28,1,0
BRF:51
BRH:0
end_of_record
TN:
SF:src/routes/_auth.client/favorites.tsx
FN:14,RouteComponent
FN:22,(anonymous_1)
FN:23,(anonymous_2)
FN:28,(anonymous_3)
FN:29,(anonymous_4)
FN:52,(anonymous_5)
FN:63,(anonymous_6)
FN:80,(anonymous_7)
FN:92,(anonymous_8)
FN:99,(anonymous_9)
FN:113,(anonymous_10)
FN:119,formatSize
FNF:12
FNH:0
FNDA:0,RouteComponent
FNDA:0,(anonymous_1)
FNDA:0,(anonymous_2)
FNDA:0,(anonymous_3)
FNDA:0,(anonymous_4)
FNDA:0,(anonymous_5)
FNDA:0,(anonymous_6)
FNDA:0,(anonymous_7)
FNDA:0,(anonymous_8)
FNDA:0,(anonymous_9)
FNDA:0,(anonymous_10)
FNDA:0,formatSize
DA:1,0
DA:2,0
DA:3,0
DA:4,0
DA:5,0
DA:6,0
DA:8,0
DA:10,0
DA:15,0
DA:16,0
DA:17,0
DA:18,0
DA:20,0
DA:22,0
DA:23,0
DA:26,0
DA:28,0
DA:29,0
DA:32,0
DA:34,0
DA:35,0
DA:36,0
DA:38,0
DA:53,0
DA:63,0
DA:81,0
DA:92,0
DA:99,0
DA:113,0
DA:120,0
DA:121,0
DA:122,0
DA:123,0
LF:33
LH:0
BRDA:32,0,0,0
BRDA:34,1,0,0
BRDA:34,1,1,0
BRDA:35,2,0,0
BRDA:35,2,1,0
BRDA:36,3,0,0
BRDA:36,3,1,0
BRDA:42,4,0,0
BRDA:42,4,1,0
BRDA:48,5,0,0
BRDA:48,5,1,0
BRDA:76,6,0,0
BRDA:76,6,1,0
BRDA:90,7,0,0
BRDA:90,7,1,0
BRDA:112,8,0,0
BRDA:112,8,1,0
BRDA:120,9,0,0
BRDA:121,10,0,0
BRDA:122,11,0,0
BRF:20
BRH:0
end_of_record
TN:
SF:src/routes/_auth.client/index.tsx
FN:34,(anonymous_0)
FN:41,RouteComponent
FN:50,FileView
FN:55,close
FN:96,FolderView
FN:108,(anonymous_5)
FN:124,(anonymous_6)
FN:126,(anonymous_7)
FN:133,(anonymous_8)
FN:135,(anonymous_9)
FN:143,(anonymous_10)
FN:144,(anonymous_11)
FN:148,(anonymous_12)
FN:149,(anonymous_13)
FN:154,(anonymous_14)
FN:157,confirmNewFolder
FN:162,cancelNewFolder
FN:169,(anonymous_17)
FN:173,(anonymous_18)
FN:178,(anonymous_19)
FN:182,(anonymous_20)
FN:185,handleDeleteClick
FN:194,openFolder
FN:198,openFile
FN:202,goBack
FN:230,(anonymous_25)
FN:241,(anonymous_26)
FN:248,(anonymous_27)
FN:281,(anonymous_28)
FN:282,(anonymous_29)
FN:306,(anonymous_30)
FN:318,(anonymous_31)
FN:324,(anonymous_32)
FN:326,(anonymous_33)
FN:341,(anonymous_34)
FN:348,(anonymous_35)
FN:355,(anonymous_36)
FN:357,(anonymous_37)
FN:370,(anonymous_38)
FN:383,(anonymous_39)
FN:386,(anonymous_40)
FN:391,(anonymous_41)
FN:401,(anonymous_42)
FN:406,(anonymous_43)
FN:427,QuotaBar
FN:446,BackButton
FN:457,StarButton
FN:471,formatSize
FNF:48
FNH:0
FNDA:0,(anonymous_0)
FNDA:0,RouteComponent
FNDA:0,FileView
FNDA:0,close
FNDA:0,FolderView
FNDA:0,(anonymous_5)
FNDA:0,(anonymous_6)
FNDA:0,(anonymous_7)
FNDA:0,(anonymous_8)
FNDA:0,(anonymous_9)
FNDA:0,(anonymous_10)
FNDA:0,(anonymous_11)
FNDA:0,(anonymous_12)
FNDA:0,(anonymous_13)
FNDA:0,(anonymous_14)
FNDA:0,confirmNewFolder
FNDA:0,cancelNewFolder
FNDA:0,(anonymous_17)
FNDA:0,(anonymous_18)
FNDA:0,(anonymous_19)
FNDA:0,(anonymous_20)
FNDA:0,handleDeleteClick
FNDA:0,openFolder
FNDA:0,openFile
FNDA:0,goBack
FNDA:0,(anonymous_25)
FNDA:0,(anonymous_26)
FNDA:0,(anonymous_27)
FNDA:0,(anonymous_28)
FNDA:0,(anonymous_29)
FNDA:0,(anonymous_30)
FNDA:0,(anonymous_31)
FNDA:0,(anonymous_32)
FNDA:0,(anonymous_33)
FNDA:0,(anonymous_34)
FNDA:0,(anonymous_35)
FNDA:0,(anonymous_36)
FNDA:0,(anonymous_37)
FNDA:0,(anonymous_38)
FNDA:0,(anonymous_39)
FNDA:0,(anonymous_40)
FNDA:0,(anonymous_41)
FNDA:0,(anonymous_42)
FNDA:0,(anonymous_43)
FNDA:0,QuotaBar
FNDA:0,BackButton
FNDA:0,StarButton
FNDA:0,formatSize
DA:1,0
DA:2,0
DA:3,0
DA:4,0
DA:16,0
DA:17,0
DA:18,0
DA:19,0
DA:20,0
DA:21,0
DA:22,0
DA:23,0
DA:24,0
DA:25,0
DA:26,0
DA:27,0
DA:28,0
DA:29,0
DA:30,0
DA:31,0
DA:33,0
DA:34,0
DA:42,0
DA:44,0
DA:45,0
DA:51,0
DA:52,0
DA:53,0
DA:56,0
DA:59,0
DA:60,0
DA:67,0
DA:68,0
DA:71,0
DA:97,0
DA:98,0
DA:99,0
DA:100,0
DA:101,0
DA:102,0
DA:103,0
DA:104,0
DA:105,0
DA:106,0
DA:107,0
DA:108,0
DA:109,0
DA:110,0
DA:121,0
DA:123,0
DA:125,0
DA:127,0
DA:128,0
DA:132,0
DA:134,0
DA:136,0
DA:137,0
DA:142,0
DA:143,0
DA:144,0
DA:147,0
DA:148,0
DA:150,0
DA:151,0
DA:152,0
DA:154,0
DA:158,0
DA:159,0
DA:163,0
DA:164,0
DA:167,0
DA:170,0
DA:171,0
DA:173,0
DA:176,0
DA:179,0
DA:180,0
DA:182,0
DA:186,0
DA:187,0
DA:188,0
DA:190,0
DA:195,0
DA:199,0
DA:203,0
DA:204,0
DA:207,0
DA:208,0
DA:210,0
DA:211,0
DA:213,0
DA:214,0
DA:215,0
DA:217,0
DA:230,0
DA:242,0
DA:243,0
DA:244,0
DA:248,0
DA:281,0
DA:283,0
DA:284,0
DA:307,0
DA:318,0
DA:324,0
DA:326,0
DA:342,0
DA:348,0
DA:355,0
DA:357,0
DA:370,0
DA:384,0
DA:385,0
DA:386,0
DA:387,0
DA:388,0
DA:391,0
DA:402,0
DA:403,0
DA:404,0
DA:406,0
DA:428,0
DA:430,0
DA:433,0
DA:447,0
DA:458,0
DA:472,0
DA:473,0
DA:474,0
DA:475,0
LF:130
LH:0
BRDA:35,0,0,0
BRDA:35,0,1,0
BRDA:36,1,0,0
BRDA:36,1,1,0
BRDA:44,2,0,0
BRDA:45,3,0,0
BRDA:45,3,1,0
BRDA:59,4,0,0
BRDA:60,5,0,0
BRDA:60,6,0,0
BRDA:60,6,1,0
BRDA:67,7,0,0
BRDA:148,8,0,0
BRDA:148,8,1,0
BRDA:159,9,0,0
BRDA:186,10,0,0
BRDA:186,10,1,0
BRDA:186,11,0,0
BRDA:186,11,1,0
BRDA:187,12,0,0
BRDA:187,12,1,0
BRDA:199,13,0,0
BRDA:199,13,1,0
BRDA:203,14,0,0
BRDA:204,15,0,0
BRDA:204,15,1,0
BRDA:207,16,0,0
BRDA:208,17,0,0
BRDA:213,18,0,0
BRDA:213,18,1,0
BRDA:214,19,0,0
BRDA:214,19,1,0
BRDA:215,20,0,0
BRDA:215,20,1,0
BRDA:215,20,2,0
BRDA:215,20,3,0
BRDA:219,21,0,0
BRDA:219,21,1,0
BRDA:222,22,0,0
BRDA:222,22,1,0
BRDA:242,23,0,0
BRDA:242,23,1,0
BRDA:243,24,0,0
BRDA:255,25,0,0
BRDA:255,25,1,0
BRDA:261,26,0,0
BRDA:261,26,1,0
BRDA:261,26,2,0
BRDA:263,27,0,0
BRDA:263,27,1,0
BRDA:266,28,0,0
BRDA:266,28,1,0
BRDA:268,29,0,0
BRDA:268,29,1,0
BRDA:270,30,0,0
BRDA:270,30,1,0
BRDA:270,30,2,0
BRDA:274,31,0,0
BRDA:274,31,1,0
BRDA:283,32,0,0
BRDA:284,33,0,0
BRDA:291,34,0,0
BRDA:291,34,1,0
BRDA:312,35,0,0
BRDA:312,35,1,0
BRDA:315,36,0,0
BRDA:315,36,1,0
BRDA:324,37,0,0
BRDA:324,37,1,0
BRDA:337,38,0,0
BRDA:337,38,1,0
BRDA:345,39,0,0
BRDA:345,39,1,0
BRDA:355,40,0,0
BRDA:355,40,1,0
BRDA:368,41,0,0
BRDA:368,41,1,0
BRDA:374,42,0,0
BRDA:374,42,1,0
BRDA:378,43,0,0
BRDA:378,43,1,0
BRDA:378,43,2,0
BRDA:381,44,0,0
BRDA:381,44,1,0
BRDA:381,45,0,0
BRDA:381,45,1,0
BRDA:397,46,0,0
BRDA:397,46,1,0
BRDA:400,47,0,0
BRDA:400,47,1,0
BRDA:402,48,0,0
BRDA:402,48,1,0
BRDA:410,49,0,0
BRDA:410,49,1,0
BRDA:416,50,0,0
BRDA:416,50,1,0
BRDA:416,51,0,0
BRDA:416,51,1,0
BRDA:428,52,0,0
BRDA:428,52,1,0
BRDA:430,53,0,0
BRDA:430,53,1,0
BRDA:431,54,0,0
BRDA:431,54,1,0
BRDA:462,55,0,0
BRDA:462,55,1,0
BRDA:464,56,0,0
BRDA:464,56,1,0
BRDA:472,57,0,0
BRDA:473,58,0,0
BRDA:474,59,0,0
BRF:111
BRH:0
end_of_record
TN:
SF:src/routes/_auth.client/profile.tsx
FN:14,formatSize
FN:29,getChecks
FN:39,CheckItem
FN:48,RouteComponent
FN:62,(anonymous_4)
FN:63,(anonymous_5)
FN:70,(anonymous_6)
FN:72,(anonymous_7)
FN:126,(anonymous_8)
FN:139,(anonymous_9)
FN:150,(anonymous_10)
FN:151,(anonymous_11)
FN:162,(anonymous_12)
FN:163,(anonymous_13)
FN:195,Row
FNF:15
FNH:0
FNDA:0,formatSize
FNDA:0,getChecks
FNDA:0,CheckItem
FNDA:0,RouteComponent
FNDA:0,(anonymous_4)
FNDA:0,(anonymous_5)
FNDA:0,(anonymous_6)
FNDA:0,(anonymous_7)
FNDA:0,(anonymous_8)
FNDA:0,(anonymous_9)
FNDA:0,(anonymous_10)
FNDA:0,(anonymous_11)
FNDA:0,(anonymous_12)
FNDA:0,(anonymous_13)
FNDA:0,Row
DA:1,0
DA:2,0
DA:3,0
DA:4,0
DA:5,0
DA:6,0
DA:8,0
DA:12,0
DA:15,0
DA:16,0
DA:17,0
DA:18,0
DA:30,0
DA:40,0
DA:49,0
DA:51,0
DA:52,0
DA:53,0
DA:54,0
DA:55,0
DA:56,0
DA:58,0
DA:59,0
DA:61,0
DA:62,0
DA:64,0
DA:65,0
DA:66,0
DA:67,0
DA:68,0
DA:69,0
DA:70,0
DA:73,0
DA:77,0
DA:78,0
DA:80,0
DA:83,0
DA:85,0
DA:127,0
DA:128,0
DA:129,0
DA:130,0
DA:139,0
DA:150,0
DA:151,0
DA:162,0
DA:163,0
DA:196,0
LF:48
LH:0
BRDA:15,0,0,0
BRDA:16,1,0,0
BRDA:17,2,0,0
BRDA:35,3,0,0
BRDA:35,3,1,0
BRDA:41,4,0,0
BRDA:41,4,1,0
BRDA:42,5,0,0
BRDA:42,5,1,0
BRDA:73,6,0,0
BRDA:73,6,1,0
BRDA:77,7,0,0
BRDA:78,8,0,0
BRDA:80,9,0,0
BRDA:80,9,1,0
BRDA:83,10,0,0
BRDA:83,10,1,0
BRDA:83,11,0,0
BRDA:83,11,1,0
BRDA:92,12,0,0
BRDA:92,12,1,0
BRDA:101,13,0,0
BRDA:101,13,1,0
BRDA:169,14,0,0
BRDA:169,14,1,0
BRDA:179,15,0,0
BRDA:179,15,1,0
BRDA:180,16,0,0
BRDA:180,16,1,0
BRDA:184,17,0,0
BRDA:184,17,1,0
BRDA:184,17,2,0
BRDA:187,18,0,0
BRDA:187,18,1,0
BRF:34
BRH:0
end_of_record
